Using pre-set license
Built from '2022.3/staging' branch; Version is '2022.3.4f1 (35713cd46cd7) revision 3502396'; Using compiler version '192829333'; Build Type 'Release'
OS: 'Windows 11  (10.0.22631) 64bit Core' Language: 'it' Physical Memory: 16071 MB
BatchMode: 1, IsHumanControllingUs: 0, StartBugReporterOnCrash: 0, Is64bit: 1, IsPro: 1

COMMAND LINE ARGUMENTS:
C:\Program Files\Unity\Hub\Editor\2022.3.4f1\Editor\Unity.exe
-adb2
-batchMode
-noUpm
-name
AssetImportWorker2
-projectPath
C:/Users/vanet/Codice/abc/ij18
-logFile
Logs/AssetImportWorker2.log
-srvPort
58766
Successfully changed project path to: C:/Users/vanet/Codice/abc/ij18
C:/Users/vanet/Codice/abc/ij18
[UnityMemory] Configuration Parameters - Can be set up in boot.config
    "memorysetup-bucket-allocator-granularity=16"
    "memorysetup-bucket-allocator-bucket-count=8"
    "memorysetup-bucket-allocator-block-size=33554432"
    "memorysetup-bucket-allocator-block-count=8"
    "memorysetup-main-allocator-block-size=16777216"
    "memorysetup-thread-allocator-block-size=16777216"
    "memorysetup-gfx-main-allocator-block-size=16777216"
    "memorysetup-gfx-thread-allocator-block-size=16777216"
    "memorysetup-cache-allocator-block-size=4194304"
    "memorysetup-typetree-allocator-block-size=2097152"
    "memorysetup-profiler-bucket-allocator-granularity=16"
    "memorysetup-profiler-bucket-allocator-bucket-count=8"
    "memorysetup-profiler-bucket-allocator-block-size=33554432"
    "memorysetup-profiler-bucket-allocator-block-count=8"
    "memorysetup-profiler-allocator-block-size=16777216"
    "memorysetup-profiler-editor-allocator-block-size=1048576"
    "memorysetup-temp-allocator-size-main=16777216"
    "memorysetup-job-temp-allocator-block-size=2097152"
    "memorysetup-job-temp-allocator-block-size-background=1048576"
    "memorysetup-job-temp-allocator-reduction-small-platforms=262144"
    "memorysetup-allocator-temp-initial-block-size-main=262144"
    "memorysetup-allocator-temp-initial-block-size-worker=262144"
    "memorysetup-temp-allocator-size-background-worker=32768"
    "memorysetup-temp-allocator-size-job-worker=262144"
    "memorysetup-temp-allocator-size-preload-manager=33554432"
    "memorysetup-temp-allocator-size-nav-mesh-worker=65536"
    "memorysetup-temp-allocator-size-audio-worker=65536"
    "memorysetup-temp-allocator-size-cloud-worker=32768"
    "memorysetup-temp-allocator-size-gi-baking-worker=262144"
    "memorysetup-temp-allocator-size-gfx=262144"
Player connection [25116] Host "[IP] 192.168.1.9 [Port] 0 [Flags] 2 [Guid] 2810315584 [EditorId] 2810315584 [Version] 1048832 [Id] WindowsEditor(7,MAURO-FISSO) [Debug] 1 [PackageName] WindowsEditor [ProjectName] Editor" joined multi-casting on [225.0.0.222:54997]...

Player connection [25116] Host "[IP] 192.168.1.9 [Port] 0 [Flags] 2 [Guid] 2810315584 [EditorId] 2810315584 [Version] 1048832 [Id] WindowsEditor(7,MAURO-FISSO) [Debug] 1 [PackageName] WindowsEditor [ProjectName] Editor" joined alternative multi-casting on [225.0.0.222:34997]...

Refreshing native plugins compatible for Editor in 11.53 ms, found 2 plugins.
Preloading 0 native plugins for Editor in 0.00 ms.
Initialize engine version: 2022.3.4f1 (35713cd46cd7)
[Subsystems] Discovering subsystems at path C:/Program Files/Unity/Hub/Editor/2022.3.4f1/Editor/Data/Resources/UnitySubsystems
[Subsystems] Discovering subsystems at path C:/Users/vanet/Codice/abc/ij18/Assets
GfxDevice: creating device client; threaded=0; jobified=0
Direct3D:
    Version:  Direct3D 11.0 [level 11.1]
    Renderer: NVIDIA GeForce RTX 3060 Ti (ID=0x2489)
    Vendor:   NVIDIA
    VRAM:     8024 MB
    Driver:   31.0.15.5161
Initialize mono
Mono path[0] = 'C:/Program Files/Unity/Hub/Editor/2022.3.4f1/Editor/Data/Managed'
Mono path[1] = 'C:/Program Files/Unity/Hub/Editor/2022.3.4f1/Editor/Data/MonoBleedingEdge/lib/mono/unityjit-win32'
Mono config path = 'C:/Program Files/Unity/Hub/Editor/2022.3.4f1/Editor/Data/MonoBleedingEdge/etc'
Using monoOptions --debugger-agent=transport=dt_socket,embedding=1,server=y,suspend=n,address=127.0.0.1:56384
Begin MonoManager ReloadAssembly
Registering precompiled unity dll's ...
Register platform support module: C:/Program Files/Unity/Hub/Editor/2022.3.4f1/Editor/Data/PlaybackEngines/WindowsStandaloneSupport/UnityEditor.WindowsStandalone.Extensions.dll
Registered in 0.003898 seconds.
- Loaded All Assemblies, in  0.245 seconds
Native extension for WindowsStandalone target not found
Mono: successfully reloaded assembly
- Finished resetting the current domain, in  0.203 seconds
Domain Reload Profiling: 447ms
	BeginReloadAssembly (66ms)
		ExecutionOrderSort (0ms)
		DisableScriptedObjects (0ms)
		BackupInstance (0ms)
		ReleaseScriptingObjects (0ms)
		CreateAndSetChildDomain (1ms)
	RebuildCommonClasses (24ms)
	RebuildNativeTypeToScriptingClass (10ms)
	initialDomainReloadingComplete (43ms)
	LoadAllAssembliesAndSetupDomain (101ms)
		LoadAssemblies (65ms)
		RebuildTransferFunctionScriptingTraits (0ms)
		AnalyzeDomain (97ms)
			TypeCache.Refresh (96ms)
				TypeCache.ScanAssembly (87ms)
			ScanForSourceGeneratedMonoScriptInfo (0ms)
			ResolveRequiredComponents (0ms)
	FinalizeReload (203ms)
		ReleaseScriptCaches (0ms)
		RebuildScriptCaches (0ms)
		SetupLoadedEditorAssemblies (161ms)
			LogAssemblyErrors (0ms)
			InitializePlatformSupportModulesInManaged (6ms)
			SetLoadedEditorAssemblies (6ms)
			RefreshPlugins (0ms)
			BeforeProcessingInitializeOnLoad (2ms)
			ProcessInitializeOnLoadAttributes (111ms)
			ProcessInitializeOnLoadMethodAttributes (37ms)
			AfterProcessingInitializeOnLoad (0ms)
			EditorAssembliesLoaded (0ms)
		ExecutionOrderSort2 (0ms)
		AwakeInstancesAfterBackupRestoration (0ms)
========================================================================
Worker process is ready to serve import requests
Begin MonoManager ReloadAssembly
Symbol file LoadedFromMemory is not a mono symbol file
- Loaded All Assemblies, in  1.531 seconds
Refreshing native plugins compatible for Editor in 14.39 ms, found 2 plugins.
Native extension for WindowsStandalone target not found
Assets/Narrative/blueteam_it.ink expected child Ink file at Assets/Narrative/include/blueteam_data.inkl but file was not found.
UnityEngine.StackTraceUtility:ExtractStackTrace ()
UnityEngine.DebugLogHandler:LogFormat (UnityEngine.LogType,UnityEngine.Object,string,object[])
UnityEngine.Logger:Log (UnityEngine.LogType,object)
UnityEngine.Debug:LogError (object)
Ink.UnityIntegration.InkMetaFile:FindIncludedFiles () (at Assets/Plugins/Ink/Editor/Ink Library/InkMetaFile.cs:214)
Ink.UnityIntegration.InkMetaLibrary:RebuildInkFileConnections () (at Assets/Plugins/Ink/Editor/Ink Library/InkMetaLibrary.cs:124)
Ink.UnityIntegration.InkLibrary:Rebuild () (at Assets/Plugins/Ink/Editor/Ink Library/InkLibrary.cs:96)
Ink.UnityIntegration.InkEditorUtils:OnOpenUnityEditor () (at Assets/Plugins/Ink/Editor/Tools/InkEditorUtils.cs:58)
Ink.UnityIntegration.InkEditorUtils:.cctor () (at Assets/Plugins/Ink/Editor/Tools/InkEditorUtils.cs:46)
System.Runtime.CompilerServices.RuntimeHelpers:RunClassConstructor (System.RuntimeTypeHandle)
UnityEditor.EditorAssemblies:ProcessInitializeOnLoadAttributes (System.Type[])

(Filename: Assets/Plugins/Ink/Editor/Ink Library/InkMetaFile.cs Line: 214)

Assets/Narrative/blueteam_it.ink expected child Ink file at Assets/Narrative/include/east_gate_it.inkl but file was not found.
UnityEngine.StackTraceUtility:ExtractStackTrace ()
UnityEngine.DebugLogHandler:LogFormat (UnityEngine.LogType,UnityEngine.Object,string,object[])
UnityEngine.Logger:Log (UnityEngine.LogType,object)
UnityEngine.Debug:LogError (object)
Ink.UnityIntegration.InkMetaFile:FindIncludedFiles () (at Assets/Plugins/Ink/Editor/Ink Library/InkMetaFile.cs:214)
Ink.UnityIntegration.InkMetaLibrary:RebuildInkFileConnections () (at Assets/Plugins/Ink/Editor/Ink Library/InkMetaLibrary.cs:124)
Ink.UnityIntegration.InkLibrary:Rebuild () (at Assets/Plugins/Ink/Editor/Ink Library/InkLibrary.cs:96)
Ink.UnityIntegration.InkEditorUtils:OnOpenUnityEditor () (at Assets/Plugins/Ink/Editor/Tools/InkEditorUtils.cs:58)
Ink.UnityIntegration.InkEditorUtils:.cctor () (at Assets/Plugins/Ink/Editor/Tools/InkEditorUtils.cs:46)
System.Runtime.CompilerServices.RuntimeHelpers:RunClassConstructor (System.RuntimeTypeHandle)
UnityEditor.EditorAssemblies:ProcessInitializeOnLoadAttributes (System.Type[])

(Filename: Assets/Plugins/Ink/Editor/Ink Library/InkMetaFile.cs Line: 214)

Assets/Narrative/blueteam_it.ink expected child Ink file at Assets/Narrative/include/cables_it.inkl but file was not found.
UnityEngine.StackTraceUtility:ExtractStackTrace ()
UnityEngine.DebugLogHandler:LogFormat (UnityEngine.LogType,UnityEngine.Object,string,object[])
UnityEngine.Logger:Log (UnityEngine.LogType,object)
UnityEngine.Debug:LogError (object)
Ink.UnityIntegration.InkMetaFile:FindIncludedFiles () (at Assets/Plugins/Ink/Editor/Ink Library/InkMetaFile.cs:214)
Ink.UnityIntegration.InkMetaLibrary:RebuildInkFileConnections () (at Assets/Plugins/Ink/Editor/Ink Library/InkMetaLibrary.cs:124)
Ink.UnityIntegration.InkLibrary:Rebuild () (at Assets/Plugins/Ink/Editor/Ink Library/InkLibrary.cs:96)
Ink.UnityIntegration.InkEditorUtils:OnOpenUnityEditor () (at Assets/Plugins/Ink/Editor/Tools/InkEditorUtils.cs:58)
Ink.UnityIntegration.InkEditorUtils:.cctor () (at Assets/Plugins/Ink/Editor/Tools/InkEditorUtils.cs:46)
System.Runtime.CompilerServices.RuntimeHelpers:RunClassConstructor (System.RuntimeTypeHandle)
UnityEditor.EditorAssemblies:ProcessInitializeOnLoadAttributes (System.Type[])

(Filename: Assets/Plugins/Ink/Editor/Ink Library/InkMetaFile.cs Line: 214)

Assets/Narrative/blueteam_it.ink expected child Ink file at Assets/Narrative/include/stack_it.inkl but file was not found.
UnityEngine.StackTraceUtility:ExtractStackTrace ()
UnityEngine.DebugLogHandler:LogFormat (UnityEngine.LogType,UnityEngine.Object,string,object[])
UnityEngine.Logger:Log (UnityEngine.LogType,object)
UnityEngine.Debug:LogError (object)
Ink.UnityIntegration.InkMetaFile:FindIncludedFiles () (at Assets/Plugins/Ink/Editor/Ink Library/InkMetaFile.cs:214)
Ink.UnityIntegration.InkMetaLibrary:RebuildInkFileConnections () (at Assets/Plugins/Ink/Editor/Ink Library/InkMetaLibrary.cs:124)
Ink.UnityIntegration.InkLibrary:Rebuild () (at Assets/Plugins/Ink/Editor/Ink Library/InkLibrary.cs:96)
Ink.UnityIntegration.InkEditorUtils:OnOpenUnityEditor () (at Assets/Plugins/Ink/Editor/Tools/InkEditorUtils.cs:58)
Ink.UnityIntegration.InkEditorUtils:.cctor () (at Assets/Plugins/Ink/Editor/Tools/InkEditorUtils.cs:46)
System.Runtime.CompilerServices.RuntimeHelpers:RunClassConstructor (System.RuntimeTypeHandle)
UnityEditor.EditorAssemblies:ProcessInitializeOnLoadAttributes (System.Type[])

(Filename: Assets/Plugins/Ink/Editor/Ink Library/InkMetaFile.cs Line: 214)

Assets/Narrative/blueteam_it.ink expected child Ink file at Assets/Narrative/include/lemons_it.inkl but file was not found.
UnityEngine.StackTraceUtility:ExtractStackTrace ()
UnityEngine.DebugLogHandler:LogFormat (UnityEngine.LogType,UnityEngine.Object,string,object[])
UnityEngine.Logger:Log (UnityEngine.LogType,object)
UnityEngine.Debug:LogError (object)
Ink.UnityIntegration.InkMetaFile:FindIncludedFiles () (at Assets/Plugins/Ink/Editor/Ink Library/InkMetaFile.cs:214)
Ink.UnityIntegration.InkMetaLibrary:RebuildInkFileConnections () (at Assets/Plugins/Ink/Editor/Ink Library/InkMetaLibrary.cs:124)
Ink.UnityIntegration.InkLibrary:Rebuild () (at Assets/Plugins/Ink/Editor/Ink Library/InkLibrary.cs:96)
Ink.UnityIntegration.InkEditorUtils:OnOpenUnityEditor () (at Assets/Plugins/Ink/Editor/Tools/InkEditorUtils.cs:58)
Ink.UnityIntegration.InkEditorUtils:.cctor () (at Assets/Plugins/Ink/Editor/Tools/InkEditorUtils.cs:46)
System.Runtime.CompilerServices.RuntimeHelpers:RunClassConstructor (System.RuntimeTypeHandle)
UnityEditor.EditorAssemblies:ProcessInitializeOnLoadAttributes (System.Type[])

(Filename: Assets/Plugins/Ink/Editor/Ink Library/InkMetaFile.cs Line: 214)

Assets/Narrative/blueteam_it.ink expected child Ink file at Assets/Narrative/include/robots_it.inkl but file was not found.
UnityEngine.StackTraceUtility:ExtractStackTrace ()
UnityEngine.DebugLogHandler:LogFormat (UnityEngine.LogType,UnityEngine.Object,string,object[])
UnityEngine.Logger:Log (UnityEngine.LogType,object)
UnityEngine.Debug:LogError (object)
Ink.UnityIntegration.InkMetaFile:FindIncludedFiles () (at Assets/Plugins/Ink/Editor/Ink Library/InkMetaFile.cs:214)
Ink.UnityIntegration.InkMetaLibrary:RebuildInkFileConnections () (at Assets/Plugins/Ink/Editor/Ink Library/InkMetaLibrary.cs:124)
Ink.UnityIntegration.InkLibrary:Rebuild () (at Assets/Plugins/Ink/Editor/Ink Library/InkLibrary.cs:96)
Ink.UnityIntegration.InkEditorUtils:OnOpenUnityEditor () (at Assets/Plugins/Ink/Editor/Tools/InkEditorUtils.cs:58)
Ink.UnityIntegration.InkEditorUtils:.cctor () (at Assets/Plugins/Ink/Editor/Tools/InkEditorUtils.cs:46)
System.Runtime.CompilerServices.RuntimeHelpers:RunClassConstructor (System.RuntimeTypeHandle)
UnityEditor.EditorAssemblies:ProcessInitializeOnLoadAttributes (System.Type[])

(Filename: Assets/Plugins/Ink/Editor/Ink Library/InkMetaFile.cs Line: 214)

Assets/Narrative/blueteam_it.ink expected child Ink file at Assets/Narrative/include/tunnel_it.inkl but file was not found.
UnityEngine.StackTraceUtility:ExtractStackTrace ()
UnityEngine.DebugLogHandler:LogFormat (UnityEngine.LogType,UnityEngine.Object,string,object[])
UnityEngine.Logger:Log (UnityEngine.LogType,object)
UnityEngine.Debug:LogError (object)
Ink.UnityIntegration.InkMetaFile:FindIncludedFiles () (at Assets/Plugins/Ink/Editor/Ink Library/InkMetaFile.cs:214)
Ink.UnityIntegration.InkMetaLibrary:RebuildInkFileConnections () (at Assets/Plugins/Ink/Editor/Ink Library/InkMetaLibrary.cs:124)
Ink.UnityIntegration.InkLibrary:Rebuild () (at Assets/Plugins/Ink/Editor/Ink Library/InkLibrary.cs:96)
Ink.UnityIntegration.InkEditorUtils:OnOpenUnityEditor () (at Assets/Plugins/Ink/Editor/Tools/InkEditorUtils.cs:58)
Ink.UnityIntegration.InkEditorUtils:.cctor () (at Assets/Plugins/Ink/Editor/Tools/InkEditorUtils.cs:46)
System.Runtime.CompilerServices.RuntimeHelpers:RunClassConstructor (System.RuntimeTypeHandle)
UnityEditor.EditorAssemblies:ProcessInitializeOnLoadAttributes (System.Type[])

(Filename: Assets/Plugins/Ink/Editor/Ink Library/InkMetaFile.cs Line: 214)

Assets/Narrative/blueteam_it.ink expected child Ink file at Assets/Narrative/include/bridge_it.inkl but file was not found.
UnityEngine.StackTraceUtility:ExtractStackTrace ()
UnityEngine.DebugLogHandler:LogFormat (UnityEngine.LogType,UnityEngine.Object,string,object[])
UnityEngine.Logger:Log (UnityEngine.LogType,object)
UnityEngine.Debug:LogError (object)
Ink.UnityIntegration.InkMetaFile:FindIncludedFiles () (at Assets/Plugins/Ink/Editor/Ink Library/InkMetaFile.cs:214)
Ink.UnityIntegration.InkMetaLibrary:RebuildInkFileConnections () (at Assets/Plugins/Ink/Editor/Ink Library/InkMetaLibrary.cs:124)
Ink.UnityIntegration.InkLibrary:Rebuild () (at Assets/Plugins/Ink/Editor/Ink Library/InkLibrary.cs:96)
Ink.UnityIntegration.InkEditorUtils:OnOpenUnityEditor () (at Assets/Plugins/Ink/Editor/Tools/InkEditorUtils.cs:58)
Ink.UnityIntegration.InkEditorUtils:.cctor () (at Assets/Plugins/Ink/Editor/Tools/InkEditorUtils.cs:46)
System.Runtime.CompilerServices.RuntimeHelpers:RunClassConstructor (System.RuntimeTypeHandle)
UnityEditor.EditorAssemblies:ProcessInitializeOnLoadAttributes (System.Type[])

(Filename: Assets/Plugins/Ink/Editor/Ink Library/InkMetaFile.cs Line: 214)

Assets/Narrative/blueteam_it.ink expected child Ink file at Assets/Narrative/include/terminal_it.inkl but file was not found.
UnityEngine.StackTraceUtility:ExtractStackTrace ()
UnityEngine.DebugLogHandler:LogFormat (UnityEngine.LogType,UnityEngine.Object,string,object[])
UnityEngine.Logger:Log (UnityEngine.LogType,object)
UnityEngine.Debug:LogError (object)
Ink.UnityIntegration.InkMetaFile:FindIncludedFiles () (at Assets/Plugins/Ink/Editor/Ink Library/InkMetaFile.cs:214)
Ink.UnityIntegration.InkMetaLibrary:RebuildInkFileConnections () (at Assets/Plugins/Ink/Editor/Ink Library/InkMetaLibrary.cs:124)
Ink.UnityIntegration.InkLibrary:Rebuild () (at Assets/Plugins/Ink/Editor/Ink Library/InkLibrary.cs:96)
Ink.UnityIntegration.InkEditorUtils:OnOpenUnityEditor () (at Assets/Plugins/Ink/Editor/Tools/InkEditorUtils.cs:58)
Ink.UnityIntegration.InkEditorUtils:.cctor () (at Assets/Plugins/Ink/Editor/Tools/InkEditorUtils.cs:46)
System.Runtime.CompilerServices.RuntimeHelpers:RunClassConstructor (System.RuntimeTypeHandle)
UnityEditor.EditorAssemblies:ProcessInitializeOnLoadAttributes (System.Type[])

(Filename: Assets/Plugins/Ink/Editor/Ink Library/InkMetaFile.cs Line: 214)

Assets/Narrative/blueteam_it.ink expected child Ink file at Assets/Narrative/include/traffic_lights_it.inkl but file was not found.
UnityEngine.StackTraceUtility:ExtractStackTrace ()
UnityEngine.DebugLogHandler:LogFormat (UnityEngine.LogType,UnityEngine.Object,string,object[])
UnityEngine.Logger:Log (UnityEngine.LogType,object)
UnityEngine.Debug:LogError (object)
Ink.UnityIntegration.InkMetaFile:FindIncludedFiles () (at Assets/Plugins/Ink/Editor/Ink Library/InkMetaFile.cs:214)
Ink.UnityIntegration.InkMetaLibrary:RebuildInkFileConnections () (at Assets/Plugins/Ink/Editor/Ink Library/InkMetaLibrary.cs:124)
Ink.UnityIntegration.InkLibrary:Rebuild () (at Assets/Plugins/Ink/Editor/Ink Library/InkLibrary.cs:96)
Ink.UnityIntegration.InkEditorUtils:OnOpenUnityEditor () (at Assets/Plugins/Ink/Editor/Tools/InkEditorUtils.cs:58)
Ink.UnityIntegration.InkEditorUtils:.cctor () (at Assets/Plugins/Ink/Editor/Tools/InkEditorUtils.cs:46)
System.Runtime.CompilerServices.RuntimeHelpers:RunClassConstructor (System.RuntimeTypeHandle)
UnityEditor.EditorAssemblies:ProcessInitializeOnLoadAttributes (System.Type[])

(Filename: Assets/Plugins/Ink/Editor/Ink Library/InkMetaFile.cs Line: 214)

Assets/Narrative/blueteam_it.ink expected child Ink file at Assets/Narrative/include/electrified_fence_it.inkl but file was not found.
UnityEngine.StackTraceUtility:ExtractStackTrace ()
UnityEngine.DebugLogHandler:LogFormat (UnityEngine.LogType,UnityEngine.Object,string,object[])
UnityEngine.Logger:Log (UnityEngine.LogType,object)
UnityEngine.Debug:LogError (object)
Ink.UnityIntegration.InkMetaFile:FindIncludedFiles () (at Assets/Plugins/Ink/Editor/Ink Library/InkMetaFile.cs:214)
Ink.UnityIntegration.InkMetaLibrary:RebuildInkFileConnections () (at Assets/Plugins/Ink/Editor/Ink Library/InkMetaLibrary.cs:124)
Ink.UnityIntegration.InkLibrary:Rebuild () (at Assets/Plugins/Ink/Editor/Ink Library/InkLibrary.cs:96)
Ink.UnityIntegration.InkEditorUtils:OnOpenUnityEditor () (at Assets/Plugins/Ink/Editor/Tools/InkEditorUtils.cs:58)
Ink.UnityIntegration.InkEditorUtils:.cctor () (at Assets/Plugins/Ink/Editor/Tools/InkEditorUtils.cs:46)
System.Runtime.CompilerServices.RuntimeHelpers:RunClassConstructor (System.RuntimeTypeHandle)
UnityEditor.EditorAssemblies:ProcessInitializeOnLoadAttributes (System.Type[])

(Filename: Assets/Plugins/Ink/Editor/Ink Library/InkMetaFile.cs Line: 214)

Assets/Narrative/blueteam_it.ink expected child Ink file at Assets/Narrative/include/factory_east_it.inkl but file was not found.
UnityEngine.StackTraceUtility:ExtractStackTrace ()
UnityEngine.DebugLogHandler:LogFormat (UnityEngine.LogType,UnityEngine.Object,string,object[])
UnityEngine.Logger:Log (UnityEngine.LogType,object)
UnityEngine.Debug:LogError (object)
Ink.UnityIntegration.InkMetaFile:FindIncludedFiles () (at Assets/Plugins/Ink/Editor/Ink Library/InkMetaFile.cs:214)
Ink.UnityIntegration.InkMetaLibrary:RebuildInkFileConnections () (at Assets/Plugins/Ink/Editor/Ink Library/InkMetaLibrary.cs:124)
Ink.UnityIntegration.InkLibrary:Rebuild () (at Assets/Plugins/Ink/Editor/Ink Library/InkLibrary.cs:96)
Ink.UnityIntegration.InkEditorUtils:OnOpenUnityEditor () (at Assets/Plugins/Ink/Editor/Tools/InkEditorUtils.cs:58)
Ink.UnityIntegration.InkEditorUtils:.cctor () (at Assets/Plugins/Ink/Editor/Tools/InkEditorUtils.cs:46)
System.Runtime.CompilerServices.RuntimeHelpers:RunClassConstructor (System.RuntimeTypeHandle)
UnityEditor.EditorAssemblies:ProcessInitializeOnLoadAttributes (System.Type[])

(Filename: Assets/Plugins/Ink/Editor/Ink Library/InkMetaFile.cs Line: 214)

Assets/Narrative/redteam_it.ink expected child Ink file at Assets/Narrative/include/redteam_data.inkl but file was not found.
UnityEngine.StackTraceUtility:ExtractStackTrace ()
UnityEngine.DebugLogHandler:LogFormat (UnityEngine.LogType,UnityEngine.Object,string,object[])
UnityEngine.Logger:Log (UnityEngine.LogType,object)
UnityEngine.Debug:LogError (object)
Ink.UnityIntegration.InkMetaFile:FindIncludedFiles () (at Assets/Plugins/Ink/Editor/Ink Library/InkMetaFile.cs:214)
Ink.UnityIntegration.InkMetaLibrary:RebuildInkFileConnections () (at Assets/Plugins/Ink/Editor/Ink Library/InkMetaLibrary.cs:124)
Ink.UnityIntegration.InkLibrary:Rebuild () (at Assets/Plugins/Ink/Editor/Ink Library/InkLibrary.cs:96)
Ink.UnityIntegration.InkEditorUtils:OnOpenUnityEditor () (at Assets/Plugins/Ink/Editor/Tools/InkEditorUtils.cs:58)
Ink.UnityIntegration.InkEditorUtils:.cctor () (at Assets/Plugins/Ink/Editor/Tools/InkEditorUtils.cs:46)
System.Runtime.CompilerServices.RuntimeHelpers:RunClassConstructor (System.RuntimeTypeHandle)
UnityEditor.EditorAssemblies:ProcessInitializeOnLoadAttributes (System.Type[])

(Filename: Assets/Plugins/Ink/Editor/Ink Library/InkMetaFile.cs Line: 214)

Assets/Narrative/redteam_it.ink expected child Ink file at Assets/Narrative/include/west_gate_it.inkl but file was not found.
UnityEngine.StackTraceUtility:ExtractStackTrace ()
UnityEngine.DebugLogHandler:LogFormat (UnityEngine.LogType,UnityEngine.Object,string,object[])
UnityEngine.Logger:Log (UnityEngine.LogType,object)
UnityEngine.Debug:LogError (object)
Ink.UnityIntegration.InkMetaFile:FindIncludedFiles () (at Assets/Plugins/Ink/Editor/Ink Library/InkMetaFile.cs:214)
Ink.UnityIntegration.InkMetaLibrary:RebuildInkFileConnections () (at Assets/Plugins/Ink/Editor/Ink Library/InkMetaLibrary.cs:124)
Ink.UnityIntegration.InkLibrary:Rebuild () (at Assets/Plugins/Ink/Editor/Ink Library/InkLibrary.cs:96)
Ink.UnityIntegration.InkEditorUtils:OnOpenUnityEditor () (at Assets/Plugins/Ink/Editor/Tools/InkEditorUtils.cs:58)
Ink.UnityIntegration.InkEditorUtils:.cctor () (at Assets/Plugins/Ink/Editor/Tools/InkEditorUtils.cs:46)
System.Runtime.CompilerServices.RuntimeHelpers:RunClassConstructor (System.RuntimeTypeHandle)
UnityEditor.EditorAssemblies:ProcessInitializeOnLoadAttributes (System.Type[])

(Filename: Assets/Plugins/Ink/Editor/Ink Library/InkMetaFile.cs Line: 214)

Assets/Narrative/redteam_it.ink expected child Ink file at Assets/Narrative/include/mine_field_it.inkl but file was not found.
UnityEngine.StackTraceUtility:ExtractStackTrace ()
UnityEngine.DebugLogHandler:LogFormat (UnityEngine.LogType,UnityEngine.Object,string,object[])
UnityEngine.Logger:Log (UnityEngine.LogType,object)
UnityEngine.Debug:LogError (object)
Ink.UnityIntegration.InkMetaFile:FindIncludedFiles () (at Assets/Plugins/Ink/Editor/Ink Library/InkMetaFile.cs:214)
Ink.UnityIntegration.InkMetaLibrary:RebuildInkFileConnections () (at Assets/Plugins/Ink/Editor/Ink Library/InkMetaLibrary.cs:124)
Ink.UnityIntegration.InkLibrary:Rebuild () (at Assets/Plugins/Ink/Editor/Ink Library/InkLibrary.cs:96)
Ink.UnityIntegration.InkEditorUtils:OnOpenUnityEditor () (at Assets/Plugins/Ink/Editor/Tools/InkEditorUtils.cs:58)
Ink.UnityIntegration.InkEditorUtils:.cctor () (at Assets/Plugins/Ink/Editor/Tools/InkEditorUtils.cs:46)
System.Runtime.CompilerServices.RuntimeHelpers:RunClassConstructor (System.RuntimeTypeHandle)
UnityEditor.EditorAssemblies:ProcessInitializeOnLoadAttributes (System.Type[])

(Filename: Assets/Plugins/Ink/Editor/Ink Library/InkMetaFile.cs Line: 214)

Assets/Narrative/redteam_it.ink expected child Ink file at Assets/Narrative/include/window_it.inkl but file was not found.
UnityEngine.StackTraceUtility:ExtractStackTrace ()
UnityEngine.DebugLogHandler:LogFormat (UnityEngine.LogType,UnityEngine.Object,string,object[])
UnityEngine.Logger:Log (UnityEngine.LogType,object)
UnityEngine.Debug:LogError (object)
Ink.UnityIntegration.InkMetaFile:FindIncludedFiles () (at Assets/Plugins/Ink/Editor/Ink Library/InkMetaFile.cs:214)
Ink.UnityIntegration.InkMetaLibrary:RebuildInkFileConnections () (at Assets/Plugins/Ink/Editor/Ink Library/InkMetaLibrary.cs:124)
Ink.UnityIntegration.InkLibrary:Rebuild () (at Assets/Plugins/Ink/Editor/Ink Library/InkLibrary.cs:96)
Ink.UnityIntegration.InkEditorUtils:OnOpenUnityEditor () (at Assets/Plugins/Ink/Editor/Tools/InkEditorUtils.cs:58)
Ink.UnityIntegration.InkEditorUtils:.cctor () (at Assets/Plugins/Ink/Editor/Tools/InkEditorUtils.cs:46)
System.Runtime.CompilerServices.RuntimeHelpers:RunClassConstructor (System.RuntimeTypeHandle)
UnityEditor.EditorAssemblies:ProcessInitializeOnLoadAttributes (System.Type[])

(Filename: Assets/Plugins/Ink/Editor/Ink Library/InkMetaFile.cs Line: 214)

Assets/Narrative/redteam_it.ink expected child Ink file at Assets/Narrative/include/downhill_it.inkl but file was not found.
UnityEngine.StackTraceUtility:ExtractStackTrace ()
UnityEngine.DebugLogHandler:LogFormat (UnityEngine.LogType,UnityEngine.Object,string,object[])
UnityEngine.Logger:Log (UnityEngine.LogType,object)
UnityEngine.Debug:LogError (object)
Ink.UnityIntegration.InkMetaFile:FindIncludedFiles () (at Assets/Plugins/Ink/Editor/Ink Library/InkMetaFile.cs:214)
Ink.UnityIntegration.InkMetaLibrary:RebuildInkFileConnections () (at Assets/Plugins/Ink/Editor/Ink Library/InkMetaLibrary.cs:124)
Ink.UnityIntegration.InkLibrary:Rebuild () (at Assets/Plugins/Ink/Editor/Ink Library/InkLibrary.cs:96)
Ink.UnityIntegration.InkEditorUtils:OnOpenUnityEditor () (at Assets/Plugins/Ink/Editor/Tools/InkEditorUtils.cs:58)
Ink.UnityIntegration.InkEditorUtils:.cctor () (at Assets/Plugins/Ink/Editor/Tools/InkEditorUtils.cs:46)
System.Runtime.CompilerServices.RuntimeHelpers:RunClassConstructor (System.RuntimeTypeHandle)
UnityEditor.EditorAssemblies:ProcessInitializeOnLoadAttributes (System.Type[])

(Filename: Assets/Plugins/Ink/Editor/Ink Library/InkMetaFile.cs Line: 214)

Assets/Narrative/redteam_it.ink expected child Ink file at Assets/Narrative/include/river_it.inkl but file was not found.
UnityEngine.StackTraceUtility:ExtractStackTrace ()
UnityEngine.DebugLogHandler:LogFormat (UnityEngine.LogType,UnityEngine.Object,string,object[])
UnityEngine.Logger:Log (UnityEngine.LogType,object)
UnityEngine.Debug:LogError (object)
Ink.UnityIntegration.InkMetaFile:FindIncludedFiles () (at Assets/Plugins/Ink/Editor/Ink Library/InkMetaFile.cs:214)
Ink.UnityIntegration.InkMetaLibrary:RebuildInkFileConnections () (at Assets/Plugins/Ink/Editor/Ink Library/InkMetaLibrary.cs:124)
Ink.UnityIntegration.InkLibrary:Rebuild () (at Assets/Plugins/Ink/Editor/Ink Library/InkLibrary.cs:96)
Ink.UnityIntegration.InkEditorUtils:OnOpenUnityEditor () (at Assets/Plugins/Ink/Editor/Tools/InkEditorUtils.cs:58)
Ink.UnityIntegration.InkEditorUtils:.cctor () (at Assets/Plugins/Ink/Editor/Tools/InkEditorUtils.cs:46)
System.Runtime.CompilerServices.RuntimeHelpers:RunClassConstructor (System.RuntimeTypeHandle)
UnityEditor.EditorAssemblies:ProcessInitializeOnLoadAttributes (System.Type[])

(Filename: Assets/Plugins/Ink/Editor/Ink Library/InkMetaFile.cs Line: 214)

Assets/Narrative/redteam_it.ink expected child Ink file at Assets/Narrative/include/lunch_time_it.inkl but file was not found.
UnityEngine.StackTraceUtility:ExtractStackTrace ()
UnityEngine.DebugLogHandler:LogFormat (UnityEngine.LogType,UnityEngine.Object,string,object[])
UnityEngine.Logger:Log (UnityEngine.LogType,object)
UnityEngine.Debug:LogError (object)
Ink.UnityIntegration.InkMetaFile:FindIncludedFiles () (at Assets/Plugins/Ink/Editor/Ink Library/InkMetaFile.cs:214)
Ink.UnityIntegration.InkMetaLibrary:RebuildInkFileConnections () (at Assets/Plugins/Ink/Editor/Ink Library/InkMetaLibrary.cs:124)
Ink.UnityIntegration.InkLibrary:Rebuild () (at Assets/Plugins/Ink/Editor/Ink Library/InkLibrary.cs:96)
Ink.UnityIntegration.InkEditorUtils:OnOpenUnityEditor () (at Assets/Plugins/Ink/Editor/Tools/InkEditorUtils.cs:58)
Ink.UnityIntegration.InkEditorUtils:.cctor () (at Assets/Plugins/Ink/Editor/Tools/InkEditorUtils.cs:46)
System.Runtime.CompilerServices.RuntimeHelpers:RunClassConstructor (System.RuntimeTypeHandle)
UnityEditor.EditorAssemblies:ProcessInitializeOnLoadAttributes (System.Type[])

(Filename: Assets/Plugins/Ink/Editor/Ink Library/InkMetaFile.cs Line: 214)

Assets/Narrative/redteam_it.ink expected child Ink file at Assets/Narrative/include/drawbridge_it.inkl but file was not found.
UnityEngine.StackTraceUtility:ExtractStackTrace ()
UnityEngine.DebugLogHandler:LogFormat (UnityEngine.LogType,UnityEngine.Object,string,object[])
UnityEngine.Logger:Log (UnityEngine.LogType,object)
UnityEngine.Debug:LogError (object)
Ink.UnityIntegration.InkMetaFile:FindIncludedFiles () (at Assets/Plugins/Ink/Editor/Ink Library/InkMetaFile.cs:214)
Ink.UnityIntegration.InkMetaLibrary:RebuildInkFileConnections () (at Assets/Plugins/Ink/Editor/Ink Library/InkMetaLibrary.cs:124)
Ink.UnityIntegration.InkLibrary:Rebuild () (at Assets/Plugins/Ink/Editor/Ink Library/InkLibrary.cs:96)
Ink.UnityIntegration.InkEditorUtils:OnOpenUnityEditor () (at Assets/Plugins/Ink/Editor/Tools/InkEditorUtils.cs:58)
Ink.UnityIntegration.InkEditorUtils:.cctor () (at Assets/Plugins/Ink/Editor/Tools/InkEditorUtils.cs:46)
System.Runtime.CompilerServices.RuntimeHelpers:RunClassConstructor (System.RuntimeTypeHandle)
UnityEditor.EditorAssemblies:ProcessInitializeOnLoadAttributes (System.Type[])

(Filename: Assets/Plugins/Ink/Editor/Ink Library/InkMetaFile.cs Line: 214)

Assets/Narrative/redteam_it.ink expected child Ink file at Assets/Narrative/include/lost_it.inkl but file was not found.
UnityEngine.StackTraceUtility:ExtractStackTrace ()
UnityEngine.DebugLogHandler:LogFormat (UnityEngine.LogType,UnityEngine.Object,string,object[])
UnityEngine.Logger:Log (UnityEngine.LogType,object)
UnityEngine.Debug:LogError (object)
Ink.UnityIntegration.InkMetaFile:FindIncludedFiles () (at Assets/Plugins/Ink/Editor/Ink Library/InkMetaFile.cs:214)
Ink.UnityIntegration.InkMetaLibrary:RebuildInkFileConnections () (at Assets/Plugins/Ink/Editor/Ink Library/InkMetaLibrary.cs:124)
Ink.UnityIntegration.InkLibrary:Rebuild () (at Assets/Plugins/Ink/Editor/Ink Library/InkLibrary.cs:96)
Ink.UnityIntegration.InkEditorUtils:OnOpenUnityEditor () (at Assets/Plugins/Ink/Editor/Tools/InkEditorUtils.cs:58)
Ink.UnityIntegration.InkEditorUtils:.cctor () (at Assets/Plugins/Ink/Editor/Tools/InkEditorUtils.cs:46)
System.Runtime.CompilerServices.RuntimeHelpers:RunClassConstructor (System.RuntimeTypeHandle)
UnityEditor.EditorAssemblies:ProcessInitializeOnLoadAttributes (System.Type[])

(Filename: Assets/Plugins/Ink/Editor/Ink Library/InkMetaFile.cs Line: 214)

Assets/Narrative/redteam_it.ink expected child Ink file at Assets/Narrative/include/fire_it.inkl but file was not found.
UnityEngine.StackTraceUtility:ExtractStackTrace ()
UnityEngine.DebugLogHandler:LogFormat (UnityEngine.LogType,UnityEngine.Object,string,object[])
UnityEngine.Logger:Log (UnityEngine.LogType,object)
UnityEngine.Debug:LogError (object)
Ink.UnityIntegration.InkMetaFile:FindIncludedFiles () (at Assets/Plugins/Ink/Editor/Ink Library/InkMetaFile.cs:214)
Ink.UnityIntegration.InkMetaLibrary:RebuildInkFileConnections () (at Assets/Plugins/Ink/Editor/Ink Library/InkMetaLibrary.cs:124)
Ink.UnityIntegration.InkLibrary:Rebuild () (at Assets/Plugins/Ink/Editor/Ink Library/InkLibrary.cs:96)
Ink.UnityIntegration.InkEditorUtils:OnOpenUnityEditor () (at Assets/Plugins/Ink/Editor/Tools/InkEditorUtils.cs:58)
Ink.UnityIntegration.InkEditorUtils:.cctor () (at Assets/Plugins/Ink/Editor/Tools/InkEditorUtils.cs:46)
System.Runtime.CompilerServices.RuntimeHelpers:RunClassConstructor (System.RuntimeTypeHandle)
UnityEditor.EditorAssemblies:ProcessInitializeOnLoadAttributes (System.Type[])

(Filename: Assets/Plugins/Ink/Editor/Ink Library/InkMetaFile.cs Line: 214)

Assets/Narrative/redteam_it.ink expected child Ink file at Assets/Narrative/include/self_confidence_it.inkl but file was not found.
UnityEngine.StackTraceUtility:ExtractStackTrace ()
UnityEngine.DebugLogHandler:LogFormat (UnityEngine.LogType,UnityEngine.Object,string,object[])
UnityEngine.Logger:Log (UnityEngine.LogType,object)
UnityEngine.Debug:LogError (object)
Ink.UnityIntegration.InkMetaFile:FindIncludedFiles () (at Assets/Plugins/Ink/Editor/Ink Library/InkMetaFile.cs:214)
Ink.UnityIntegration.InkMetaLibrary:RebuildInkFileConnections () (at Assets/Plugins/Ink/Editor/Ink Library/InkMetaLibrary.cs:124)
Ink.UnityIntegration.InkLibrary:Rebuild () (at Assets/Plugins/Ink/Editor/Ink Library/InkLibrary.cs:96)
Ink.UnityIntegration.InkEditorUtils:OnOpenUnityEditor () (at Assets/Plugins/Ink/Editor/Tools/InkEditorUtils.cs:58)
Ink.UnityIntegration.InkEditorUtils:.cctor () (at Assets/Plugins/Ink/Editor/Tools/InkEditorUtils.cs:46)
System.Runtime.CompilerServices.RuntimeHelpers:RunClassConstructor (System.RuntimeTypeHandle)
UnityEditor.EditorAssemblies:ProcessInitializeOnLoadAttributes (System.Type[])

(Filename: Assets/Plugins/Ink/Editor/Ink Library/InkMetaFile.cs Line: 214)

Assets/Narrative/redteam_it.ink expected child Ink file at Assets/Narrative/include/factory_west_it.inkl but file was not found.
UnityEngine.StackTraceUtility:ExtractStackTrace ()
UnityEngine.DebugLogHandler:LogFormat (UnityEngine.LogType,UnityEngine.Object,string,object[])
UnityEngine.Logger:Log (UnityEngine.LogType,object)
UnityEngine.Debug:LogError (object)
Ink.UnityIntegration.InkMetaFile:FindIncludedFiles () (at Assets/Plugins/Ink/Editor/Ink Library/InkMetaFile.cs:214)
Ink.UnityIntegration.InkMetaLibrary:RebuildInkFileConnections () (at Assets/Plugins/Ink/Editor/Ink Library/InkMetaLibrary.cs:124)
Ink.UnityIntegration.InkLibrary:Rebuild () (at Assets/Plugins/Ink/Editor/Ink Library/InkLibrary.cs:96)
Ink.UnityIntegration.InkEditorUtils:OnOpenUnityEditor () (at Assets/Plugins/Ink/Editor/Tools/InkEditorUtils.cs:58)
Ink.UnityIntegration.InkEditorUtils:.cctor () (at Assets/Plugins/Ink/Editor/Tools/InkEditorUtils.cs:46)
System.Runtime.CompilerServices.RuntimeHelpers:RunClassConstructor (System.RuntimeTypeHandle)
UnityEditor.EditorAssemblies:ProcessInitializeOnLoadAttributes (System.Type[])

(Filename: Assets/Plugins/Ink/Editor/Ink Library/InkMetaFile.cs Line: 214)

Refresh completed but there are assets queued up for importing. Check for code that modifies assets which gets called after OnPostProcessAllAssets. Additional details in Log file
UnityEngine.StackTraceUtility:ExtractStackTrace ()
Ink.UnityIntegration.InkLibrary:Save () (at Assets/Plugins/Ink/Editor/Ink Library/InkLibrary.cs:130)
Ink.UnityIntegration.InkLibrary:Rebuild () (at Assets/Plugins/Ink/Editor/Ink Library/InkLibrary.cs:99)
Ink.UnityIntegration.InkEditorUtils:OnOpenUnityEditor () (at Assets/Plugins/Ink/Editor/Tools/InkEditorUtils.cs:58)
Ink.UnityIntegration.InkEditorUtils:.cctor () (at Assets/Plugins/Ink/Editor/Tools/InkEditorUtils.cs:46)
System.Runtime.CompilerServices.RuntimeHelpers:RunClassConstructor (System.RuntimeTypeHandle)
UnityEditor.EditorAssemblies:ProcessInitializeOnLoadAttributes (System.Type[])

[Assets/Plugins/Ink/Editor/Ink Library/InkLibrary.cs line 130]

Assets queued for import after Refresh completed:
	Assets/InkLibrary.asset
Asset Pipeline Refresh (id=e81da6b9c294baf4c90d5ade07b88f0d): Total: 0.001 seconds - Initiated by StopAssetImportingV2(NoUpdateAssetOptions)
Assertion failed on expression: 'm_Ptr'
UnityEngine.StackTraceUtility:ExtractStackTrace ()
Ink.UnityIntegration.InkLibrary:Save () (at Assets/Plugins/Ink/Editor/Ink Library/InkLibrary.cs:130)
Ink.UnityIntegration.InkLibrary:Rebuild () (at Assets/Plugins/Ink/Editor/Ink Library/InkLibrary.cs:99)
Ink.UnityIntegration.InkEditorUtils:OnOpenUnityEditor () (at Assets/Plugins/Ink/Editor/Tools/InkEditorUtils.cs:58)
Ink.UnityIntegration.InkEditorUtils:.cctor () (at Assets/Plugins/Ink/Editor/Tools/InkEditorUtils.cs:46)
System.Runtime.CompilerServices.RuntimeHelpers:RunClassConstructor (System.RuntimeTypeHandle)
UnityEditor.EditorAssemblies:ProcessInitializeOnLoadAttributes (System.Type[])

[Assets/Plugins/Ink/Editor/Ink Library/InkLibrary.cs line 130]

Ink Library was rebuilt.
UnityEngine.StackTraceUtility:ExtractStackTrace ()
UnityEngine.DebugLogHandler:LogFormat (UnityEngine.LogType,UnityEngine.Object,string,object[])
UnityEngine.Logger:Log (UnityEngine.LogType,object)
UnityEngine.Debug:Log (object)
Ink.UnityIntegration.InkLibrary:Rebuild () (at Assets/Plugins/Ink/Editor/Ink Library/InkLibrary.cs:101)
Ink.UnityIntegration.InkEditorUtils:OnOpenUnityEditor () (at Assets/Plugins/Ink/Editor/Tools/InkEditorUtils.cs:58)
Ink.UnityIntegration.InkEditorUtils:.cctor () (at Assets/Plugins/Ink/Editor/Tools/InkEditorUtils.cs:46)
System.Runtime.CompilerServices.RuntimeHelpers:RunClassConstructor (System.RuntimeTypeHandle)
UnityEditor.EditorAssemblies:ProcessInitializeOnLoadAttributes (System.Type[])

(Filename: Assets/Plugins/Ink/Editor/Ink Library/InkLibrary.cs Line: 101)

Mono: successfully reloaded assembly
- Finished resetting the current domain, in  1.196 seconds
Domain Reload Profiling: 2725ms
	BeginReloadAssembly (192ms)
		ExecutionOrderSort (0ms)
		DisableScriptedObjects (4ms)
		BackupInstance (0ms)
		ReleaseScriptingObjects (0ms)
		CreateAndSetChildDomain (21ms)
	RebuildCommonClasses (90ms)
	RebuildNativeTypeToScriptingClass (19ms)
	initialDomainReloadingComplete (90ms)
	LoadAllAssembliesAndSetupDomain (1137ms)
		LoadAssemblies (737ms)
		RebuildTransferFunctionScriptingTraits (0ms)
		AnalyzeDomain (515ms)
			TypeCache.Refresh (470ms)
				TypeCache.ScanAssembly (447ms)
			ScanForSourceGeneratedMonoScriptInfo (33ms)
			ResolveRequiredComponents (12ms)
	FinalizeReload (1197ms)
		ReleaseScriptCaches (0ms)
		RebuildScriptCaches (0ms)
		SetupLoadedEditorAssemblies (988ms)
			LogAssemblyErrors (0ms)
			InitializePlatformSupportModulesInManaged (6ms)
			SetLoadedEditorAssemblies (4ms)
			RefreshPlugins (0ms)
			BeforeProcessingInitializeOnLoad (86ms)
			ProcessInitializeOnLoadAttributes (693ms)
			ProcessInitializeOnLoadMethodAttributes (192ms)
			AfterProcessingInitializeOnLoad (6ms)
			EditorAssembliesLoaded (0ms)
		ExecutionOrderSort2 (0ms)
		AwakeInstancesAfterBackupRestoration (6ms)
Launched and connected shader compiler UnityShaderCompiler.exe after 0.07 seconds
Refreshing native plugins compatible for Editor in 18.39 ms, found 2 plugins.
Preloading 0 native plugins for Editor in 0.00 ms.
Unloading 4550 Unused Serialized files (Serialized files now loaded: 0)
Unloading 123 unused Assets / (375.5 KB). Loaded Objects now: 4966.
Memory consumption went from 193.9 MB to 193.5 MB.
Total: 15.718100 ms (FindLiveObjects: 0.712600 ms CreateObjectMapping: 0.528700 ms MarkObjects: 13.711800 ms  DeleteObjects: 0.760200 ms)

AssetImportParameters requested are different than current active one (requested -> active):
  custom:container-demuxer-ogg: 62fdf1f143b41e24485cea50d1cbac27 -> 
  custom:video-decoder-ogg-theora: a1e56fd34408186e4bbccfd4996cb3dc -> 
  custom:framework-win-MediaFoundation: 216162199b28c13a410421893ffa2e32 -> 
  custom:CustomObjectIndexerAttribute: a3ef5dd2817f97addfee359851a9dba5 -> 
  custom:container-demuxer-webm: 4f35f7cbe854078d1ac9338744f61a02 -> 
  custom:container-muxer-webm: aa71ff27fc2769a1b78a27578f13a17b -> 
  custom:video-decoder-webm-vp8: 9c59270c3fd7afecdb556c50c9e8de78 -> 
  custom:AudioImporter_EditorPlatform: d09bf68614088b80899f8185d706f6e7 -> 
  custom:video-encoder-webm-vp8: eb34c28f22e8b96e1ab97ce403110664 -> 
  custom:audio-decoder-ogg-vorbis: bf7c407c2cedff20999df2af8eb42d56 -> 
  custom:audio-encoder-webm-vorbis: bf7c407c2cedff20999df2af8eb42d56 -> 
========================================================================
Received Import Request.
  Time since last request: 507354.642556 seconds.
  path: Assets/Animations/Marker/MarkerDefault.anim
  artifactKey: Guid(f33cce562fd84e841a3f7b21771fac11) Importer(2089858483,0ecaa5967403d082aa24f35e1b516d23)
Start importing Assets/Animations/Marker/MarkerDefault.anim using Guid(f33cce562fd84e841a3f7b21771fac11) Importer(2089858483,0ecaa5967403d082aa24f35e1b516d23) Generated GUIDs only implemented for interfaces!
 -> (artifact id: '15f1151089140772fa9c676caa68ed2a') in 0.325463 seconds
Number of updated asset objects reloaded before import = 0
Number of asset objects unloaded after import = 1
========================================================================
Received Import Request.
  Time since last request: 0.000387 seconds.
  path: Assets/Animations/RadioControls/Button.controller
  artifactKey: Guid(db63d0edc465285438f4df596a85cf16) Importer(2089858483,0ecaa5967403d082aa24f35e1b516d23)
Start importing Assets/Animations/RadioControls/Button.controller using Guid(db63d0edc465285438f4df596a85cf16) Importer(2089858483,0ecaa5967403d082aa24f35e1b516d23) Generated GUIDs only implemented for interfaces!
 -> (artifact id: 'a1a442fdc55ea2c3f1cdb1422d47f215') in 0.013065 seconds
Number of updated asset objects reloaded before import = 0
Number of asset objects unloaded after import = 16
========================================================================
Received Import Request.
  Time since last request: 0.000138 seconds.
  path: Assets/Animations/Background_Track/Background_Track.controller
  artifactKey: Guid(a65570029ce3d8946af69fd36d769fcb) Importer(2089858483,0ecaa5967403d082aa24f35e1b516d23)
Start importing Assets/Animations/Background_Track/Background_Track.controller using Guid(a65570029ce3d8946af69fd36d769fcb) Importer(2089858483,0ecaa5967403d082aa24f35e1b516d23) Generated GUIDs only implemented for interfaces!
 -> (artifact id: '7fc486f36f4a9378b33bd06c43f31a6d') in 0.012632 seconds
Number of updated asset objects reloaded before import = 0
Number of asset objects unloaded after import = 8
========================================================================
Received Import Request.
  Time since last request: 0.000018 seconds.
  path: Assets/Animations/New/RadioControls/NewFrequencyTick104.anim
  artifactKey: Guid(3daa4d5b1c321d545b7f1c2679644371) Importer(2089858483,0ecaa5967403d082aa24f35e1b516d23)
Start importing Assets/Animations/New/RadioControls/NewFrequencyTick104.anim using Guid(3daa4d5b1c321d545b7f1c2679644371) Importer(2089858483,0ecaa5967403d082aa24f35e1b516d23) Generated GUIDs only implemented for interfaces!
 -> (artifact id: '883b966f2b721ccb1b559510656a47de') in 0.013712 seconds
Number of updated asset objects reloaded before import = 0
Number of asset objects unloaded after import = 1
========================================================================
Received Import Request.
  Time since last request: 0.000028 seconds.
  path: Assets/Animations/AnswerBoard/Hide.anim
  artifactKey: Guid(b3f0383b51f96614a8ec779a7b49c83b) Importer(2089858483,0ecaa5967403d082aa24f35e1b516d23)
Start importing Assets/Animations/AnswerBoard/Hide.anim using Guid(b3f0383b51f96614a8ec779a7b49c83b) Importer(2089858483,0ecaa5967403d082aa24f35e1b516d23) Generated GUIDs only implemented for interfaces!
 -> (artifact id: '0bcde4298d8543df6a56c6e604725de3') in 0.013312 seconds
Number of updated asset objects reloaded before import = 0
Number of asset objects unloaded after import = 1
========================================================================
Received Import Request.
  Time since last request: 0.000021 seconds.
  path: Assets/Sounds/Bg_Base.mp3
  artifactKey: Guid(246adc253fe0aa2488ec442437d70506) Importer(2089858483,0ecaa5967403d082aa24f35e1b516d23)
Start importing Assets/Sounds/Bg_Base.mp3 using Guid(246adc253fe0aa2488ec442437d70506) Importer(2089858483,0ecaa5967403d082aa24f35e1b516d23) Generated GUIDs only implemented for interfaces!
 -> (artifact id: 'd6a269539e616683834d5a166fecf0c6') in 0.116292 seconds
Number of updated asset objects reloaded before import = 0
Number of asset objects unloaded after import = 1
========================================================================
Received Import Request.
  Time since last request: 0.000090 seconds.
  path: Assets/Narrative/include/cables_it.inkl
  artifactKey: Guid(0943f9d232e84ac4cb8e340ae039d9ca) Importer(2089858483,0ecaa5967403d082aa24f35e1b516d23)
Start importing Assets/Narrative/include/cables_it.inkl using Guid(0943f9d232e84ac4cb8e340ae039d9ca) Importer(2089858483,0ecaa5967403d082aa24f35e1b516d23) Generated GUIDs only implemented for interfaces!
 -> (artifact id: 'cd60b1105ddf6a369e8d33fe74a32acb') in 0.010948 seconds
Number of updated asset objects reloaded before import = 0
Number of asset objects unloaded after import = 1
========================================================================
Received Import Request.
  Time since last request: 0.000014 seconds.
  path: Assets/Sprites/NoiseAdjuster1_Button.png
  artifactKey: Guid(40542d556c557f546b55494c62638b3f) Importer(2089858483,0ecaa5967403d082aa24f35e1b516d23)
Start importing Assets/Sprites/NoiseAdjuster1_Button.png using Guid(40542d556c557f546b55494c62638b3f) Importer(2089858483,0ecaa5967403d082aa24f35e1b516d23) Generated GUIDs only implemented for interfaces!
 -> (artifact id: '4883d534807e388594e8a474bf70262d') in 0.057748 seconds
Number of updated asset objects reloaded before import = 0
Number of asset objects unloaded after import = 3
Editor requested this worker to shutdown with reason: Scaling down because of idle timeout
TcpMessagingSession - receive error: operation aborted. errorcode: 995, details: Operazione di I/O terminata a causa dell'uscita dal thread oppure della richiesta di un'applicazione.
AssetImportWorker is now disconnected from the server
Process exiting
Exiting without the bug reporter. Application will terminate with return code 0