Using pre-set license
Built from '2022.3/staging' branch; Version is '2022.3.4f1 (35713cd46cd7) revision 3502396'; Using compiler version '192829333'; Build Type 'Release'
OS: 'Windows 11  (10.0.22631) 64bit Core' Language: 'it' Physical Memory: 16071 MB
BatchMode: 1, IsHumanControllingUs: 0, StartBugReporterOnCrash: 0, Is64bit: 1, IsPro: 1

COMMAND LINE ARGUMENTS:
C:\Program Files\Unity\Hub\Editor\2022.3.4f1\Editor\Unity.exe
-adb2
-batchMode
-noUpm
-name
AssetImportWorker4
-projectPath
C:/Users/vanet/Codice/abc/ij18
-logFile
Logs/AssetImportWorker4.log
-srvPort
58766
Successfully changed project path to: C:/Users/vanet/Codice/abc/ij18
C:/Users/vanet/Codice/abc/ij18
[UnityMemory] Configuration Parameters - Can be set up in boot.config
    "memorysetup-bucket-allocator-granularity=16"
    "memorysetup-bucket-allocator-bucket-count=8"
    "memorysetup-bucket-allocator-block-size=33554432"
    "memorysetup-bucket-allocator-block-count=8"
    "memorysetup-main-allocator-block-size=16777216"
    "memorysetup-thread-allocator-block-size=16777216"
    "memorysetup-gfx-main-allocator-block-size=16777216"
    "memorysetup-gfx-thread-allocator-block-size=16777216"
    "memorysetup-cache-allocator-block-size=4194304"
    "memorysetup-typetree-allocator-block-size=2097152"
    "memorysetup-profiler-bucket-allocator-granularity=16"
    "memorysetup-profiler-bucket-allocator-bucket-count=8"
    "memorysetup-profiler-bucket-allocator-block-size=33554432"
    "memorysetup-profiler-bucket-allocator-block-count=8"
    "memorysetup-profiler-allocator-block-size=16777216"
    "memorysetup-profiler-editor-allocator-block-size=1048576"
    "memorysetup-temp-allocator-size-main=16777216"
    "memorysetup-job-temp-allocator-block-size=2097152"
    "memorysetup-job-temp-allocator-block-size-background=1048576"
    "memorysetup-job-temp-allocator-reduction-small-platforms=262144"
    "memorysetup-allocator-temp-initial-block-size-main=262144"
    "memorysetup-allocator-temp-initial-block-size-worker=262144"
    "memorysetup-temp-allocator-size-background-worker=32768"
    "memorysetup-temp-allocator-size-job-worker=262144"
    "memorysetup-temp-allocator-size-preload-manager=33554432"
    "memorysetup-temp-allocator-size-nav-mesh-worker=65536"
    "memorysetup-temp-allocator-size-audio-worker=65536"
    "memorysetup-temp-allocator-size-cloud-worker=32768"
    "memorysetup-temp-allocator-size-gi-baking-worker=262144"
    "memorysetup-temp-allocator-size-gfx=262144"
Player connection [22516] Host "[IP] 192.168.1.9 [Port] 0 [Flags] 2 [Guid] 3101478217 [EditorId] 3101478217 [Version] 1048832 [Id] WindowsEditor(7,MAURO-FISSO) [Debug] 1 [PackageName] WindowsEditor [ProjectName] Editor" joined multi-casting on [225.0.0.222:54997]...

Player connection [22516] Host "[IP] 192.168.1.9 [Port] 0 [Flags] 2 [Guid] 3101478217 [EditorId] 3101478217 [Version] 1048832 [Id] WindowsEditor(7,MAURO-FISSO) [Debug] 1 [PackageName] WindowsEditor [ProjectName] Editor" joined alternative multi-casting on [225.0.0.222:34997]...

Refreshing native plugins compatible for Editor in 10.09 ms, found 2 plugins.
Preloading 0 native plugins for Editor in 0.00 ms.
Initialize engine version: 2022.3.4f1 (35713cd46cd7)
[Subsystems] Discovering subsystems at path C:/Program Files/Unity/Hub/Editor/2022.3.4f1/Editor/Data/Resources/UnitySubsystems
[Subsystems] Discovering subsystems at path C:/Users/vanet/Codice/abc/ij18/Assets
GfxDevice: creating device client; threaded=0; jobified=0
Direct3D:
    Version:  Direct3D 11.0 [level 11.1]
    Renderer: NVIDIA GeForce RTX 3060 Ti (ID=0x2489)
    Vendor:   NVIDIA
    VRAM:     8024 MB
    Driver:   31.0.15.5161
Initialize mono
Mono path[0] = 'C:/Program Files/Unity/Hub/Editor/2022.3.4f1/Editor/Data/Managed'
Mono path[1] = 'C:/Program Files/Unity/Hub/Editor/2022.3.4f1/Editor/Data/MonoBleedingEdge/lib/mono/unityjit-win32'
Mono config path = 'C:/Program Files/Unity/Hub/Editor/2022.3.4f1/Editor/Data/MonoBleedingEdge/etc'
Using monoOptions --debugger-agent=transport=dt_socket,embedding=1,server=y,suspend=n,address=127.0.0.1:56900
Begin MonoManager ReloadAssembly
Registering precompiled unity dll's ...
Register platform support module: C:/Program Files/Unity/Hub/Editor/2022.3.4f1/Editor/Data/PlaybackEngines/WindowsStandaloneSupport/UnityEditor.WindowsStandalone.Extensions.dll
Registered in 0.004850 seconds.
- Loaded All Assemblies, in  0.258 seconds
Native extension for WindowsStandalone target not found
Mono: successfully reloaded assembly
- Finished resetting the current domain, in  0.211 seconds
Domain Reload Profiling: 468ms
	BeginReloadAssembly (68ms)
		ExecutionOrderSort (0ms)
		DisableScriptedObjects (0ms)
		BackupInstance (0ms)
		ReleaseScriptingObjects (0ms)
		CreateAndSetChildDomain (1ms)
	RebuildCommonClasses (26ms)
	RebuildNativeTypeToScriptingClass (8ms)
	initialDomainReloadingComplete (44ms)
	LoadAllAssembliesAndSetupDomain (110ms)
		LoadAssemblies (66ms)
		RebuildTransferFunctionScriptingTraits (0ms)
		AnalyzeDomain (106ms)
			TypeCache.Refresh (105ms)
				TypeCache.ScanAssembly (95ms)
			ScanForSourceGeneratedMonoScriptInfo (0ms)
			ResolveRequiredComponents (0ms)
	FinalizeReload (211ms)
		ReleaseScriptCaches (0ms)
		RebuildScriptCaches (0ms)
		SetupLoadedEditorAssemblies (168ms)
			LogAssemblyErrors (0ms)
			InitializePlatformSupportModulesInManaged (6ms)
			SetLoadedEditorAssemblies (6ms)
			RefreshPlugins (0ms)
			BeforeProcessingInitializeOnLoad (2ms)
			ProcessInitializeOnLoadAttributes (116ms)
			ProcessInitializeOnLoadMethodAttributes (38ms)
			AfterProcessingInitializeOnLoad (0ms)
			EditorAssembliesLoaded (0ms)
		ExecutionOrderSort2 (0ms)
		AwakeInstancesAfterBackupRestoration (0ms)
========================================================================
Worker process is ready to serve import requests
Begin MonoManager ReloadAssembly
Symbol file LoadedFromMemory is not a mono symbol file
- Loaded All Assemblies, in  1.515 seconds
Refreshing native plugins compatible for Editor in 11.95 ms, found 2 plugins.
Native extension for WindowsStandalone target not found
Assets/Narrative/blueteam_it.ink expected child Ink file at Assets/Narrative/include/blueteam_data.inkl but file was not found.
UnityEngine.StackTraceUtility:ExtractStackTrace ()
UnityEngine.DebugLogHandler:LogFormat (UnityEngine.LogType,UnityEngine.Object,string,object[])
UnityEngine.Logger:Log (UnityEngine.LogType,object)
UnityEngine.Debug:LogError (object)
Ink.UnityIntegration.InkMetaFile:FindIncludedFiles () (at Assets/Plugins/Ink/Editor/Ink Library/InkMetaFile.cs:214)
Ink.UnityIntegration.InkMetaLibrary:RebuildInkFileConnections () (at Assets/Plugins/Ink/Editor/Ink Library/InkMetaLibrary.cs:124)
Ink.UnityIntegration.InkLibrary:Rebuild () (at Assets/Plugins/Ink/Editor/Ink Library/InkLibrary.cs:96)
Ink.UnityIntegration.InkEditorUtils:OnOpenUnityEditor () (at Assets/Plugins/Ink/Editor/Tools/InkEditorUtils.cs:58)
Ink.UnityIntegration.InkEditorUtils:.cctor () (at Assets/Plugins/Ink/Editor/Tools/InkEditorUtils.cs:46)
System.Runtime.CompilerServices.RuntimeHelpers:RunClassConstructor (System.RuntimeTypeHandle)
UnityEditor.EditorAssemblies:ProcessInitializeOnLoadAttributes (System.Type[])

(Filename: Assets/Plugins/Ink/Editor/Ink Library/InkMetaFile.cs Line: 214)

Assets/Narrative/blueteam_it.ink expected child Ink file at Assets/Narrative/include/east_gate_it.inkl but file was not found.
UnityEngine.StackTraceUtility:ExtractStackTrace ()
UnityEngine.DebugLogHandler:LogFormat (UnityEngine.LogType,UnityEngine.Object,string,object[])
UnityEngine.Logger:Log (UnityEngine.LogType,object)
UnityEngine.Debug:LogError (object)
Ink.UnityIntegration.InkMetaFile:FindIncludedFiles () (at Assets/Plugins/Ink/Editor/Ink Library/InkMetaFile.cs:214)
Ink.UnityIntegration.InkMetaLibrary:RebuildInkFileConnections () (at Assets/Plugins/Ink/Editor/Ink Library/InkMetaLibrary.cs:124)
Ink.UnityIntegration.InkLibrary:Rebuild () (at Assets/Plugins/Ink/Editor/Ink Library/InkLibrary.cs:96)
Ink.UnityIntegration.InkEditorUtils:OnOpenUnityEditor () (at Assets/Plugins/Ink/Editor/Tools/InkEditorUtils.cs:58)
Ink.UnityIntegration.InkEditorUtils:.cctor () (at Assets/Plugins/Ink/Editor/Tools/InkEditorUtils.cs:46)
System.Runtime.CompilerServices.RuntimeHelpers:RunClassConstructor (System.RuntimeTypeHandle)
UnityEditor.EditorAssemblies:ProcessInitializeOnLoadAttributes (System.Type[])

(Filename: Assets/Plugins/Ink/Editor/Ink Library/InkMetaFile.cs Line: 214)

Assets/Narrative/blueteam_it.ink expected child Ink file at Assets/Narrative/include/cables_it.inkl but file was not found.
UnityEngine.StackTraceUtility:ExtractStackTrace ()
UnityEngine.DebugLogHandler:LogFormat (UnityEngine.LogType,UnityEngine.Object,string,object[])
UnityEngine.Logger:Log (UnityEngine.LogType,object)
UnityEngine.Debug:LogError (object)
Ink.UnityIntegration.InkMetaFile:FindIncludedFiles () (at Assets/Plugins/Ink/Editor/Ink Library/InkMetaFile.cs:214)
Ink.UnityIntegration.InkMetaLibrary:RebuildInkFileConnections () (at Assets/Plugins/Ink/Editor/Ink Library/InkMetaLibrary.cs:124)
Ink.UnityIntegration.InkLibrary:Rebuild () (at Assets/Plugins/Ink/Editor/Ink Library/InkLibrary.cs:96)
Ink.UnityIntegration.InkEditorUtils:OnOpenUnityEditor () (at Assets/Plugins/Ink/Editor/Tools/InkEditorUtils.cs:58)
Ink.UnityIntegration.InkEditorUtils:.cctor () (at Assets/Plugins/Ink/Editor/Tools/InkEditorUtils.cs:46)
System.Runtime.CompilerServices.RuntimeHelpers:RunClassConstructor (System.RuntimeTypeHandle)
UnityEditor.EditorAssemblies:ProcessInitializeOnLoadAttributes (System.Type[])

(Filename: Assets/Plugins/Ink/Editor/Ink Library/InkMetaFile.cs Line: 214)

Assets/Narrative/blueteam_it.ink expected child Ink file at Assets/Narrative/include/stack_it.inkl but file was not found.
UnityEngine.StackTraceUtility:ExtractStackTrace ()
UnityEngine.DebugLogHandler:LogFormat (UnityEngine.LogType,UnityEngine.Object,string,object[])
UnityEngine.Logger:Log (UnityEngine.LogType,object)
UnityEngine.Debug:LogError (object)
Ink.UnityIntegration.InkMetaFile:FindIncludedFiles () (at Assets/Plugins/Ink/Editor/Ink Library/InkMetaFile.cs:214)
Ink.UnityIntegration.InkMetaLibrary:RebuildInkFileConnections () (at Assets/Plugins/Ink/Editor/Ink Library/InkMetaLibrary.cs:124)
Ink.UnityIntegration.InkLibrary:Rebuild () (at Assets/Plugins/Ink/Editor/Ink Library/InkLibrary.cs:96)
Ink.UnityIntegration.InkEditorUtils:OnOpenUnityEditor () (at Assets/Plugins/Ink/Editor/Tools/InkEditorUtils.cs:58)
Ink.UnityIntegration.InkEditorUtils:.cctor () (at Assets/Plugins/Ink/Editor/Tools/InkEditorUtils.cs:46)
System.Runtime.CompilerServices.RuntimeHelpers:RunClassConstructor (System.RuntimeTypeHandle)
UnityEditor.EditorAssemblies:ProcessInitializeOnLoadAttributes (System.Type[])

(Filename: Assets/Plugins/Ink/Editor/Ink Library/InkMetaFile.cs Line: 214)

Assets/Narrative/blueteam_it.ink expected child Ink file at Assets/Narrative/include/lemons_it.inkl but file was not found.
UnityEngine.StackTraceUtility:ExtractStackTrace ()
UnityEngine.DebugLogHandler:LogFormat (UnityEngine.LogType,UnityEngine.Object,string,object[])
UnityEngine.Logger:Log (UnityEngine.LogType,object)
UnityEngine.Debug:LogError (object)
Ink.UnityIntegration.InkMetaFile:FindIncludedFiles () (at Assets/Plugins/Ink/Editor/Ink Library/InkMetaFile.cs:214)
Ink.UnityIntegration.InkMetaLibrary:RebuildInkFileConnections () (at Assets/Plugins/Ink/Editor/Ink Library/InkMetaLibrary.cs:124)
Ink.UnityIntegration.InkLibrary:Rebuild () (at Assets/Plugins/Ink/Editor/Ink Library/InkLibrary.cs:96)
Ink.UnityIntegration.InkEditorUtils:OnOpenUnityEditor () (at Assets/Plugins/Ink/Editor/Tools/InkEditorUtils.cs:58)
Ink.UnityIntegration.InkEditorUtils:.cctor () (at Assets/Plugins/Ink/Editor/Tools/InkEditorUtils.cs:46)
System.Runtime.CompilerServices.RuntimeHelpers:RunClassConstructor (System.RuntimeTypeHandle)
UnityEditor.EditorAssemblies:ProcessInitializeOnLoadAttributes (System.Type[])

(Filename: Assets/Plugins/Ink/Editor/Ink Library/InkMetaFile.cs Line: 214)

Assets/Narrative/blueteam_it.ink expected child Ink file at Assets/Narrative/include/robots_it.inkl but file was not found.
UnityEngine.StackTraceUtility:ExtractStackTrace ()
UnityEngine.DebugLogHandler:LogFormat (UnityEngine.LogType,UnityEngine.Object,string,object[])
UnityEngine.Logger:Log (UnityEngine.LogType,object)
UnityEngine.Debug:LogError (object)
Ink.UnityIntegration.InkMetaFile:FindIncludedFiles () (at Assets/Plugins/Ink/Editor/Ink Library/InkMetaFile.cs:214)
Ink.UnityIntegration.InkMetaLibrary:RebuildInkFileConnections () (at Assets/Plugins/Ink/Editor/Ink Library/InkMetaLibrary.cs:124)
Ink.UnityIntegration.InkLibrary:Rebuild () (at Assets/Plugins/Ink/Editor/Ink Library/InkLibrary.cs:96)
Ink.UnityIntegration.InkEditorUtils:OnOpenUnityEditor () (at Assets/Plugins/Ink/Editor/Tools/InkEditorUtils.cs:58)
Ink.UnityIntegration.InkEditorUtils:.cctor () (at Assets/Plugins/Ink/Editor/Tools/InkEditorUtils.cs:46)
System.Runtime.CompilerServices.RuntimeHelpers:RunClassConstructor (System.RuntimeTypeHandle)
UnityEditor.EditorAssemblies:ProcessInitializeOnLoadAttributes (System.Type[])

(Filename: Assets/Plugins/Ink/Editor/Ink Library/InkMetaFile.cs Line: 214)

Assets/Narrative/blueteam_it.ink expected child Ink file at Assets/Narrative/include/tunnel_it.inkl but file was not found.
UnityEngine.StackTraceUtility:ExtractStackTrace ()
UnityEngine.DebugLogHandler:LogFormat (UnityEngine.LogType,UnityEngine.Object,string,object[])
UnityEngine.Logger:Log (UnityEngine.LogType,object)
UnityEngine.Debug:LogError (object)
Ink.UnityIntegration.InkMetaFile:FindIncludedFiles () (at Assets/Plugins/Ink/Editor/Ink Library/InkMetaFile.cs:214)
Ink.UnityIntegration.InkMetaLibrary:RebuildInkFileConnections () (at Assets/Plugins/Ink/Editor/Ink Library/InkMetaLibrary.cs:124)
Ink.UnityIntegration.InkLibrary:Rebuild () (at Assets/Plugins/Ink/Editor/Ink Library/InkLibrary.cs:96)
Ink.UnityIntegration.InkEditorUtils:OnOpenUnityEditor () (at Assets/Plugins/Ink/Editor/Tools/InkEditorUtils.cs:58)
Ink.UnityIntegration.InkEditorUtils:.cctor () (at Assets/Plugins/Ink/Editor/Tools/InkEditorUtils.cs:46)
System.Runtime.CompilerServices.RuntimeHelpers:RunClassConstructor (System.RuntimeTypeHandle)
UnityEditor.EditorAssemblies:ProcessInitializeOnLoadAttributes (System.Type[])

(Filename: Assets/Plugins/Ink/Editor/Ink Library/InkMetaFile.cs Line: 214)

Assets/Narrative/blueteam_it.ink expected child Ink file at Assets/Narrative/include/bridge_it.inkl but file was not found.
UnityEngine.StackTraceUtility:ExtractStackTrace ()
UnityEngine.DebugLogHandler:LogFormat (UnityEngine.LogType,UnityEngine.Object,string,object[])
UnityEngine.Logger:Log (UnityEngine.LogType,object)
UnityEngine.Debug:LogError (object)
Ink.UnityIntegration.InkMetaFile:FindIncludedFiles () (at Assets/Plugins/Ink/Editor/Ink Library/InkMetaFile.cs:214)
Ink.UnityIntegration.InkMetaLibrary:RebuildInkFileConnections () (at Assets/Plugins/Ink/Editor/Ink Library/InkMetaLibrary.cs:124)
Ink.UnityIntegration.InkLibrary:Rebuild () (at Assets/Plugins/Ink/Editor/Ink Library/InkLibrary.cs:96)
Ink.UnityIntegration.InkEditorUtils:OnOpenUnityEditor () (at Assets/Plugins/Ink/Editor/Tools/InkEditorUtils.cs:58)
Ink.UnityIntegration.InkEditorUtils:.cctor () (at Assets/Plugins/Ink/Editor/Tools/InkEditorUtils.cs:46)
System.Runtime.CompilerServices.RuntimeHelpers:RunClassConstructor (System.RuntimeTypeHandle)
UnityEditor.EditorAssemblies:ProcessInitializeOnLoadAttributes (System.Type[])

(Filename: Assets/Plugins/Ink/Editor/Ink Library/InkMetaFile.cs Line: 214)

Assets/Narrative/blueteam_it.ink expected child Ink file at Assets/Narrative/include/terminal_it.inkl but file was not found.
UnityEngine.StackTraceUtility:ExtractStackTrace ()
UnityEngine.DebugLogHandler:LogFormat (UnityEngine.LogType,UnityEngine.Object,string,object[])
UnityEngine.Logger:Log (UnityEngine.LogType,object)
UnityEngine.Debug:LogError (object)
Ink.UnityIntegration.InkMetaFile:FindIncludedFiles () (at Assets/Plugins/Ink/Editor/Ink Library/InkMetaFile.cs:214)
Ink.UnityIntegration.InkMetaLibrary:RebuildInkFileConnections () (at Assets/Plugins/Ink/Editor/Ink Library/InkMetaLibrary.cs:124)
Ink.UnityIntegration.InkLibrary:Rebuild () (at Assets/Plugins/Ink/Editor/Ink Library/InkLibrary.cs:96)
Ink.UnityIntegration.InkEditorUtils:OnOpenUnityEditor () (at Assets/Plugins/Ink/Editor/Tools/InkEditorUtils.cs:58)
Ink.UnityIntegration.InkEditorUtils:.cctor () (at Assets/Plugins/Ink/Editor/Tools/InkEditorUtils.cs:46)
System.Runtime.CompilerServices.RuntimeHelpers:RunClassConstructor (System.RuntimeTypeHandle)
UnityEditor.EditorAssemblies:ProcessInitializeOnLoadAttributes (System.Type[])

(Filename: Assets/Plugins/Ink/Editor/Ink Library/InkMetaFile.cs Line: 214)

Assets/Narrative/blueteam_it.ink expected child Ink file at Assets/Narrative/include/traffic_lights_it.inkl but file was not found.
UnityEngine.StackTraceUtility:ExtractStackTrace ()
UnityEngine.DebugLogHandler:LogFormat (UnityEngine.LogType,UnityEngine.Object,string,object[])
UnityEngine.Logger:Log (UnityEngine.LogType,object)
UnityEngine.Debug:LogError (object)
Ink.UnityIntegration.InkMetaFile:FindIncludedFiles () (at Assets/Plugins/Ink/Editor/Ink Library/InkMetaFile.cs:214)
Ink.UnityIntegration.InkMetaLibrary:RebuildInkFileConnections () (at Assets/Plugins/Ink/Editor/Ink Library/InkMetaLibrary.cs:124)
Ink.UnityIntegration.InkLibrary:Rebuild () (at Assets/Plugins/Ink/Editor/Ink Library/InkLibrary.cs:96)
Ink.UnityIntegration.InkEditorUtils:OnOpenUnityEditor () (at Assets/Plugins/Ink/Editor/Tools/InkEditorUtils.cs:58)
Ink.UnityIntegration.InkEditorUtils:.cctor () (at Assets/Plugins/Ink/Editor/Tools/InkEditorUtils.cs:46)
System.Runtime.CompilerServices.RuntimeHelpers:RunClassConstructor (System.RuntimeTypeHandle)
UnityEditor.EditorAssemblies:ProcessInitializeOnLoadAttributes (System.Type[])

(Filename: Assets/Plugins/Ink/Editor/Ink Library/InkMetaFile.cs Line: 214)

Assets/Narrative/blueteam_it.ink expected child Ink file at Assets/Narrative/include/electrified_fence_it.inkl but file was not found.
UnityEngine.StackTraceUtility:ExtractStackTrace ()
UnityEngine.DebugLogHandler:LogFormat (UnityEngine.LogType,UnityEngine.Object,string,object[])
UnityEngine.Logger:Log (UnityEngine.LogType,object)
UnityEngine.Debug:LogError (object)
Ink.UnityIntegration.InkMetaFile:FindIncludedFiles () (at Assets/Plugins/Ink/Editor/Ink Library/InkMetaFile.cs:214)
Ink.UnityIntegration.InkMetaLibrary:RebuildInkFileConnections () (at Assets/Plugins/Ink/Editor/Ink Library/InkMetaLibrary.cs:124)
Ink.UnityIntegration.InkLibrary:Rebuild () (at Assets/Plugins/Ink/Editor/Ink Library/InkLibrary.cs:96)
Ink.UnityIntegration.InkEditorUtils:OnOpenUnityEditor () (at Assets/Plugins/Ink/Editor/Tools/InkEditorUtils.cs:58)
Ink.UnityIntegration.InkEditorUtils:.cctor () (at Assets/Plugins/Ink/Editor/Tools/InkEditorUtils.cs:46)
System.Runtime.CompilerServices.RuntimeHelpers:RunClassConstructor (System.RuntimeTypeHandle)
UnityEditor.EditorAssemblies:ProcessInitializeOnLoadAttributes (System.Type[])

(Filename: Assets/Plugins/Ink/Editor/Ink Library/InkMetaFile.cs Line: 214)

Assets/Narrative/blueteam_it.ink expected child Ink file at Assets/Narrative/include/factory_east_it.inkl but file was not found.
UnityEngine.StackTraceUtility:ExtractStackTrace ()
UnityEngine.DebugLogHandler:LogFormat (UnityEngine.LogType,UnityEngine.Object,string,object[])
UnityEngine.Logger:Log (UnityEngine.LogType,object)
UnityEngine.Debug:LogError (object)
Ink.UnityIntegration.InkMetaFile:FindIncludedFiles () (at Assets/Plugins/Ink/Editor/Ink Library/InkMetaFile.cs:214)
Ink.UnityIntegration.InkMetaLibrary:RebuildInkFileConnections () (at Assets/Plugins/Ink/Editor/Ink Library/InkMetaLibrary.cs:124)
Ink.UnityIntegration.InkLibrary:Rebuild () (at Assets/Plugins/Ink/Editor/Ink Library/InkLibrary.cs:96)
Ink.UnityIntegration.InkEditorUtils:OnOpenUnityEditor () (at Assets/Plugins/Ink/Editor/Tools/InkEditorUtils.cs:58)
Ink.UnityIntegration.InkEditorUtils:.cctor () (at Assets/Plugins/Ink/Editor/Tools/InkEditorUtils.cs:46)
System.Runtime.CompilerServices.RuntimeHelpers:RunClassConstructor (System.RuntimeTypeHandle)
UnityEditor.EditorAssemblies:ProcessInitializeOnLoadAttributes (System.Type[])

(Filename: Assets/Plugins/Ink/Editor/Ink Library/InkMetaFile.cs Line: 214)

Assets/Narrative/redteam_it.ink expected child Ink file at Assets/Narrative/include/redteam_data.inkl but file was not found.
UnityEngine.StackTraceUtility:ExtractStackTrace ()
UnityEngine.DebugLogHandler:LogFormat (UnityEngine.LogType,UnityEngine.Object,string,object[])
UnityEngine.Logger:Log (UnityEngine.LogType,object)
UnityEngine.Debug:LogError (object)
Ink.UnityIntegration.InkMetaFile:FindIncludedFiles () (at Assets/Plugins/Ink/Editor/Ink Library/InkMetaFile.cs:214)
Ink.UnityIntegration.InkMetaLibrary:RebuildInkFileConnections () (at Assets/Plugins/Ink/Editor/Ink Library/InkMetaLibrary.cs:124)
Ink.UnityIntegration.InkLibrary:Rebuild () (at Assets/Plugins/Ink/Editor/Ink Library/InkLibrary.cs:96)
Ink.UnityIntegration.InkEditorUtils:OnOpenUnityEditor () (at Assets/Plugins/Ink/Editor/Tools/InkEditorUtils.cs:58)
Ink.UnityIntegration.InkEditorUtils:.cctor () (at Assets/Plugins/Ink/Editor/Tools/InkEditorUtils.cs:46)
System.Runtime.CompilerServices.RuntimeHelpers:RunClassConstructor (System.RuntimeTypeHandle)
UnityEditor.EditorAssemblies:ProcessInitializeOnLoadAttributes (System.Type[])

(Filename: Assets/Plugins/Ink/Editor/Ink Library/InkMetaFile.cs Line: 214)

Assets/Narrative/redteam_it.ink expected child Ink file at Assets/Narrative/include/west_gate_it.inkl but file was not found.
UnityEngine.StackTraceUtility:ExtractStackTrace ()
UnityEngine.DebugLogHandler:LogFormat (UnityEngine.LogType,UnityEngine.Object,string,object[])
UnityEngine.Logger:Log (UnityEngine.LogType,object)
UnityEngine.Debug:LogError (object)
Ink.UnityIntegration.InkMetaFile:FindIncludedFiles () (at Assets/Plugins/Ink/Editor/Ink Library/InkMetaFile.cs:214)
Ink.UnityIntegration.InkMetaLibrary:RebuildInkFileConnections () (at Assets/Plugins/Ink/Editor/Ink Library/InkMetaLibrary.cs:124)
Ink.UnityIntegration.InkLibrary:Rebuild () (at Assets/Plugins/Ink/Editor/Ink Library/InkLibrary.cs:96)
Ink.UnityIntegration.InkEditorUtils:OnOpenUnityEditor () (at Assets/Plugins/Ink/Editor/Tools/InkEditorUtils.cs:58)
Ink.UnityIntegration.InkEditorUtils:.cctor () (at Assets/Plugins/Ink/Editor/Tools/InkEditorUtils.cs:46)
System.Runtime.CompilerServices.RuntimeHelpers:RunClassConstructor (System.RuntimeTypeHandle)
UnityEditor.EditorAssemblies:ProcessInitializeOnLoadAttributes (System.Type[])

(Filename: Assets/Plugins/Ink/Editor/Ink Library/InkMetaFile.cs Line: 214)

Assets/Narrative/redteam_it.ink expected child Ink file at Assets/Narrative/include/mine_field_it.inkl but file was not found.
UnityEngine.StackTraceUtility:ExtractStackTrace ()
UnityEngine.DebugLogHandler:LogFormat (UnityEngine.LogType,UnityEngine.Object,string,object[])
UnityEngine.Logger:Log (UnityEngine.LogType,object)
UnityEngine.Debug:LogError (object)
Ink.UnityIntegration.InkMetaFile:FindIncludedFiles () (at Assets/Plugins/Ink/Editor/Ink Library/InkMetaFile.cs:214)
Ink.UnityIntegration.InkMetaLibrary:RebuildInkFileConnections () (at Assets/Plugins/Ink/Editor/Ink Library/InkMetaLibrary.cs:124)
Ink.UnityIntegration.InkLibrary:Rebuild () (at Assets/Plugins/Ink/Editor/Ink Library/InkLibrary.cs:96)
Ink.UnityIntegration.InkEditorUtils:OnOpenUnityEditor () (at Assets/Plugins/Ink/Editor/Tools/InkEditorUtils.cs:58)
Ink.UnityIntegration.InkEditorUtils:.cctor () (at Assets/Plugins/Ink/Editor/Tools/InkEditorUtils.cs:46)
System.Runtime.CompilerServices.RuntimeHelpers:RunClassConstructor (System.RuntimeTypeHandle)
UnityEditor.EditorAssemblies:ProcessInitializeOnLoadAttributes (System.Type[])

(Filename: Assets/Plugins/Ink/Editor/Ink Library/InkMetaFile.cs Line: 214)

Assets/Narrative/redteam_it.ink expected child Ink file at Assets/Narrative/include/window_it.inkl but file was not found.
UnityEngine.StackTraceUtility:ExtractStackTrace ()
UnityEngine.DebugLogHandler:LogFormat (UnityEngine.LogType,UnityEngine.Object,string,object[])
UnityEngine.Logger:Log (UnityEngine.LogType,object)
UnityEngine.Debug:LogError (object)
Ink.UnityIntegration.InkMetaFile:FindIncludedFiles () (at Assets/Plugins/Ink/Editor/Ink Library/InkMetaFile.cs:214)
Ink.UnityIntegration.InkMetaLibrary:RebuildInkFileConnections () (at Assets/Plugins/Ink/Editor/Ink Library/InkMetaLibrary.cs:124)
Ink.UnityIntegration.InkLibrary:Rebuild () (at Assets/Plugins/Ink/Editor/Ink Library/InkLibrary.cs:96)
Ink.UnityIntegration.InkEditorUtils:OnOpenUnityEditor () (at Assets/Plugins/Ink/Editor/Tools/InkEditorUtils.cs:58)
Ink.UnityIntegration.InkEditorUtils:.cctor () (at Assets/Plugins/Ink/Editor/Tools/InkEditorUtils.cs:46)
System.Runtime.CompilerServices.RuntimeHelpers:RunClassConstructor (System.RuntimeTypeHandle)
UnityEditor.EditorAssemblies:ProcessInitializeOnLoadAttributes (System.Type[])

(Filename: Assets/Plugins/Ink/Editor/Ink Library/InkMetaFile.cs Line: 214)

Assets/Narrative/redteam_it.ink expected child Ink file at Assets/Narrative/include/downhill_it.inkl but file was not found.
UnityEngine.StackTraceUtility:ExtractStackTrace ()
UnityEngine.DebugLogHandler:LogFormat (UnityEngine.LogType,UnityEngine.Object,string,object[])
UnityEngine.Logger:Log (UnityEngine.LogType,object)
UnityEngine.Debug:LogError (object)
Ink.UnityIntegration.InkMetaFile:FindIncludedFiles () (at Assets/Plugins/Ink/Editor/Ink Library/InkMetaFile.cs:214)
Ink.UnityIntegration.InkMetaLibrary:RebuildInkFileConnections () (at Assets/Plugins/Ink/Editor/Ink Library/InkMetaLibrary.cs:124)
Ink.UnityIntegration.InkLibrary:Rebuild () (at Assets/Plugins/Ink/Editor/Ink Library/InkLibrary.cs:96)
Ink.UnityIntegration.InkEditorUtils:OnOpenUnityEditor () (at Assets/Plugins/Ink/Editor/Tools/InkEditorUtils.cs:58)
Ink.UnityIntegration.InkEditorUtils:.cctor () (at Assets/Plugins/Ink/Editor/Tools/InkEditorUtils.cs:46)
System.Runtime.CompilerServices.RuntimeHelpers:RunClassConstructor (System.RuntimeTypeHandle)
UnityEditor.EditorAssemblies:ProcessInitializeOnLoadAttributes (System.Type[])

(Filename: Assets/Plugins/Ink/Editor/Ink Library/InkMetaFile.cs Line: 214)

Assets/Narrative/redteam_it.ink expected child Ink file at Assets/Narrative/include/river_it.inkl but file was not found.
UnityEngine.StackTraceUtility:ExtractStackTrace ()
UnityEngine.DebugLogHandler:LogFormat (UnityEngine.LogType,UnityEngine.Object,string,object[])
UnityEngine.Logger:Log (UnityEngine.LogType,object)
UnityEngine.Debug:LogError (object)
Ink.UnityIntegration.InkMetaFile:FindIncludedFiles () (at Assets/Plugins/Ink/Editor/Ink Library/InkMetaFile.cs:214)
Ink.UnityIntegration.InkMetaLibrary:RebuildInkFileConnections () (at Assets/Plugins/Ink/Editor/Ink Library/InkMetaLibrary.cs:124)
Ink.UnityIntegration.InkLibrary:Rebuild () (at Assets/Plugins/Ink/Editor/Ink Library/InkLibrary.cs:96)
Ink.UnityIntegration.InkEditorUtils:OnOpenUnityEditor () (at Assets/Plugins/Ink/Editor/Tools/InkEditorUtils.cs:58)
Ink.UnityIntegration.InkEditorUtils:.cctor () (at Assets/Plugins/Ink/Editor/Tools/InkEditorUtils.cs:46)
System.Runtime.CompilerServices.RuntimeHelpers:RunClassConstructor (System.RuntimeTypeHandle)
UnityEditor.EditorAssemblies:ProcessInitializeOnLoadAttributes (System.Type[])

(Filename: Assets/Plugins/Ink/Editor/Ink Library/InkMetaFile.cs Line: 214)

Assets/Narrative/redteam_it.ink expected child Ink file at Assets/Narrative/include/lunch_time_it.inkl but file was not found.
UnityEngine.StackTraceUtility:ExtractStackTrace ()
UnityEngine.DebugLogHandler:LogFormat (UnityEngine.LogType,UnityEngine.Object,string,object[])
UnityEngine.Logger:Log (UnityEngine.LogType,object)
UnityEngine.Debug:LogError (object)
Ink.UnityIntegration.InkMetaFile:FindIncludedFiles () (at Assets/Plugins/Ink/Editor/Ink Library/InkMetaFile.cs:214)
Ink.UnityIntegration.InkMetaLibrary:RebuildInkFileConnections () (at Assets/Plugins/Ink/Editor/Ink Library/InkMetaLibrary.cs:124)
Ink.UnityIntegration.InkLibrary:Rebuild () (at Assets/Plugins/Ink/Editor/Ink Library/InkLibrary.cs:96)
Ink.UnityIntegration.InkEditorUtils:OnOpenUnityEditor () (at Assets/Plugins/Ink/Editor/Tools/InkEditorUtils.cs:58)
Ink.UnityIntegration.InkEditorUtils:.cctor () (at Assets/Plugins/Ink/Editor/Tools/InkEditorUtils.cs:46)
System.Runtime.CompilerServices.RuntimeHelpers:RunClassConstructor (System.RuntimeTypeHandle)
UnityEditor.EditorAssemblies:ProcessInitializeOnLoadAttributes (System.Type[])

(Filename: Assets/Plugins/Ink/Editor/Ink Library/InkMetaFile.cs Line: 214)

Assets/Narrative/redteam_it.ink expected child Ink file at Assets/Narrative/include/drawbridge_it.inkl but file was not found.
UnityEngine.StackTraceUtility:ExtractStackTrace ()
UnityEngine.DebugLogHandler:LogFormat (UnityEngine.LogType,UnityEngine.Object,string,object[])
UnityEngine.Logger:Log (UnityEngine.LogType,object)
UnityEngine.Debug:LogError (object)
Ink.UnityIntegration.InkMetaFile:FindIncludedFiles () (at Assets/Plugins/Ink/Editor/Ink Library/InkMetaFile.cs:214)
Ink.UnityIntegration.InkMetaLibrary:RebuildInkFileConnections () (at Assets/Plugins/Ink/Editor/Ink Library/InkMetaLibrary.cs:124)
Ink.UnityIntegration.InkLibrary:Rebuild () (at Assets/Plugins/Ink/Editor/Ink Library/InkLibrary.cs:96)
Ink.UnityIntegration.InkEditorUtils:OnOpenUnityEditor () (at Assets/Plugins/Ink/Editor/Tools/InkEditorUtils.cs:58)
Ink.UnityIntegration.InkEditorUtils:.cctor () (at Assets/Plugins/Ink/Editor/Tools/InkEditorUtils.cs:46)
System.Runtime.CompilerServices.RuntimeHelpers:RunClassConstructor (System.RuntimeTypeHandle)
UnityEditor.EditorAssemblies:ProcessInitializeOnLoadAttributes (System.Type[])

(Filename: Assets/Plugins/Ink/Editor/Ink Library/InkMetaFile.cs Line: 214)

Assets/Narrative/redteam_it.ink expected child Ink file at Assets/Narrative/include/lost_it.inkl but file was not found.
UnityEngine.StackTraceUtility:ExtractStackTrace ()
UnityEngine.DebugLogHandler:LogFormat (UnityEngine.LogType,UnityEngine.Object,string,object[])
UnityEngine.Logger:Log (UnityEngine.LogType,object)
UnityEngine.Debug:LogError (object)
Ink.UnityIntegration.InkMetaFile:FindIncludedFiles () (at Assets/Plugins/Ink/Editor/Ink Library/InkMetaFile.cs:214)
Ink.UnityIntegration.InkMetaLibrary:RebuildInkFileConnections () (at Assets/Plugins/Ink/Editor/Ink Library/InkMetaLibrary.cs:124)
Ink.UnityIntegration.InkLibrary:Rebuild () (at Assets/Plugins/Ink/Editor/Ink Library/InkLibrary.cs:96)
Ink.UnityIntegration.InkEditorUtils:OnOpenUnityEditor () (at Assets/Plugins/Ink/Editor/Tools/InkEditorUtils.cs:58)
Ink.UnityIntegration.InkEditorUtils:.cctor () (at Assets/Plugins/Ink/Editor/Tools/InkEditorUtils.cs:46)
System.Runtime.CompilerServices.RuntimeHelpers:RunClassConstructor (System.RuntimeTypeHandle)
UnityEditor.EditorAssemblies:ProcessInitializeOnLoadAttributes (System.Type[])

(Filename: Assets/Plugins/Ink/Editor/Ink Library/InkMetaFile.cs Line: 214)

Assets/Narrative/redteam_it.ink expected child Ink file at Assets/Narrative/include/fire_it.inkl but file was not found.
UnityEngine.StackTraceUtility:ExtractStackTrace ()
UnityEngine.DebugLogHandler:LogFormat (UnityEngine.LogType,UnityEngine.Object,string,object[])
UnityEngine.Logger:Log (UnityEngine.LogType,object)
UnityEngine.Debug:LogError (object)
Ink.UnityIntegration.InkMetaFile:FindIncludedFiles () (at Assets/Plugins/Ink/Editor/Ink Library/InkMetaFile.cs:214)
Ink.UnityIntegration.InkMetaLibrary:RebuildInkFileConnections () (at Assets/Plugins/Ink/Editor/Ink Library/InkMetaLibrary.cs:124)
Ink.UnityIntegration.InkLibrary:Rebuild () (at Assets/Plugins/Ink/Editor/Ink Library/InkLibrary.cs:96)
Ink.UnityIntegration.InkEditorUtils:OnOpenUnityEditor () (at Assets/Plugins/Ink/Editor/Tools/InkEditorUtils.cs:58)
Ink.UnityIntegration.InkEditorUtils:.cctor () (at Assets/Plugins/Ink/Editor/Tools/InkEditorUtils.cs:46)
System.Runtime.CompilerServices.RuntimeHelpers:RunClassConstructor (System.RuntimeTypeHandle)
UnityEditor.EditorAssemblies:ProcessInitializeOnLoadAttributes (System.Type[])

(Filename: Assets/Plugins/Ink/Editor/Ink Library/InkMetaFile.cs Line: 214)

Assets/Narrative/redteam_it.ink expected child Ink file at Assets/Narrative/include/self_confidence_it.inkl but file was not found.
UnityEngine.StackTraceUtility:ExtractStackTrace ()
UnityEngine.DebugLogHandler:LogFormat (UnityEngine.LogType,UnityEngine.Object,string,object[])
UnityEngine.Logger:Log (UnityEngine.LogType,object)
UnityEngine.Debug:LogError (object)
Ink.UnityIntegration.InkMetaFile:FindIncludedFiles () (at Assets/Plugins/Ink/Editor/Ink Library/InkMetaFile.cs:214)
Ink.UnityIntegration.InkMetaLibrary:RebuildInkFileConnections () (at Assets/Plugins/Ink/Editor/Ink Library/InkMetaLibrary.cs:124)
Ink.UnityIntegration.InkLibrary:Rebuild () (at Assets/Plugins/Ink/Editor/Ink Library/InkLibrary.cs:96)
Ink.UnityIntegration.InkEditorUtils:OnOpenUnityEditor () (at Assets/Plugins/Ink/Editor/Tools/InkEditorUtils.cs:58)
Ink.UnityIntegration.InkEditorUtils:.cctor () (at Assets/Plugins/Ink/Editor/Tools/InkEditorUtils.cs:46)
System.Runtime.CompilerServices.RuntimeHelpers:RunClassConstructor (System.RuntimeTypeHandle)
UnityEditor.EditorAssemblies:ProcessInitializeOnLoadAttributes (System.Type[])

(Filename: Assets/Plugins/Ink/Editor/Ink Library/InkMetaFile.cs Line: 214)

Assets/Narrative/redteam_it.ink expected child Ink file at Assets/Narrative/include/factory_west_it.inkl but file was not found.
UnityEngine.StackTraceUtility:ExtractStackTrace ()
UnityEngine.DebugLogHandler:LogFormat (UnityEngine.LogType,UnityEngine.Object,string,object[])
UnityEngine.Logger:Log (UnityEngine.LogType,object)
UnityEngine.Debug:LogError (object)
Ink.UnityIntegration.InkMetaFile:FindIncludedFiles () (at Assets/Plugins/Ink/Editor/Ink Library/InkMetaFile.cs:214)
Ink.UnityIntegration.InkMetaLibrary:RebuildInkFileConnections () (at Assets/Plugins/Ink/Editor/Ink Library/InkMetaLibrary.cs:124)
Ink.UnityIntegration.InkLibrary:Rebuild () (at Assets/Plugins/Ink/Editor/Ink Library/InkLibrary.cs:96)
Ink.UnityIntegration.InkEditorUtils:OnOpenUnityEditor () (at Assets/Plugins/Ink/Editor/Tools/InkEditorUtils.cs:58)
Ink.UnityIntegration.InkEditorUtils:.cctor () (at Assets/Plugins/Ink/Editor/Tools/InkEditorUtils.cs:46)
System.Runtime.CompilerServices.RuntimeHelpers:RunClassConstructor (System.RuntimeTypeHandle)
UnityEditor.EditorAssemblies:ProcessInitializeOnLoadAttributes (System.Type[])

(Filename: Assets/Plugins/Ink/Editor/Ink Library/InkMetaFile.cs Line: 214)

Refresh completed but there are assets queued up for importing. Check for code that modifies assets which gets called after OnPostProcessAllAssets. Additional details in Log file
UnityEngine.StackTraceUtility:ExtractStackTrace ()
Ink.UnityIntegration.InkLibrary:Save () (at Assets/Plugins/Ink/Editor/Ink Library/InkLibrary.cs:130)
Ink.UnityIntegration.InkLibrary:Rebuild () (at Assets/Plugins/Ink/Editor/Ink Library/InkLibrary.cs:99)
Ink.UnityIntegration.InkEditorUtils:OnOpenUnityEditor () (at Assets/Plugins/Ink/Editor/Tools/InkEditorUtils.cs:58)
Ink.UnityIntegration.InkEditorUtils:.cctor () (at Assets/Plugins/Ink/Editor/Tools/InkEditorUtils.cs:46)
System.Runtime.CompilerServices.RuntimeHelpers:RunClassConstructor (System.RuntimeTypeHandle)
UnityEditor.EditorAssemblies:ProcessInitializeOnLoadAttributes (System.Type[])

[Assets/Plugins/Ink/Editor/Ink Library/InkLibrary.cs line 130]

Assets queued for import after Refresh completed:
	Assets/InkLibrary.asset
Asset Pipeline Refresh (id=20f6452c519bc2e4daca2042831ee8a1): Total: 0.001 seconds - Initiated by StopAssetImportingV2(NoUpdateAssetOptions)
Assertion failed on expression: 'm_Ptr'
UnityEngine.StackTraceUtility:ExtractStackTrace ()
Ink.UnityIntegration.InkLibrary:Save () (at Assets/Plugins/Ink/Editor/Ink Library/InkLibrary.cs:130)
Ink.UnityIntegration.InkLibrary:Rebuild () (at Assets/Plugins/Ink/Editor/Ink Library/InkLibrary.cs:99)
Ink.UnityIntegration.InkEditorUtils:OnOpenUnityEditor () (at Assets/Plugins/Ink/Editor/Tools/InkEditorUtils.cs:58)
Ink.UnityIntegration.InkEditorUtils:.cctor () (at Assets/Plugins/Ink/Editor/Tools/InkEditorUtils.cs:46)
System.Runtime.CompilerServices.RuntimeHelpers:RunClassConstructor (System.RuntimeTypeHandle)
UnityEditor.EditorAssemblies:ProcessInitializeOnLoadAttributes (System.Type[])

[Assets/Plugins/Ink/Editor/Ink Library/InkLibrary.cs line 130]

Ink Library was rebuilt.
UnityEngine.StackTraceUtility:ExtractStackTrace ()
UnityEngine.DebugLogHandler:LogFormat (UnityEngine.LogType,UnityEngine.Object,string,object[])
UnityEngine.Logger:Log (UnityEngine.LogType,object)
UnityEngine.Debug:Log (object)
Ink.UnityIntegration.InkLibrary:Rebuild () (at Assets/Plugins/Ink/Editor/Ink Library/InkLibrary.cs:101)
Ink.UnityIntegration.InkEditorUtils:OnOpenUnityEditor () (at Assets/Plugins/Ink/Editor/Tools/InkEditorUtils.cs:58)
Ink.UnityIntegration.InkEditorUtils:.cctor () (at Assets/Plugins/Ink/Editor/Tools/InkEditorUtils.cs:46)
System.Runtime.CompilerServices.RuntimeHelpers:RunClassConstructor (System.RuntimeTypeHandle)
UnityEditor.EditorAssemblies:ProcessInitializeOnLoadAttributes (System.Type[])

(Filename: Assets/Plugins/Ink/Editor/Ink Library/InkLibrary.cs Line: 101)

Mono: successfully reloaded assembly
- Finished resetting the current domain, in  1.226 seconds
Domain Reload Profiling: 2730ms
	BeginReloadAssembly (215ms)
		ExecutionOrderSort (0ms)
		DisableScriptedObjects (4ms)
		BackupInstance (0ms)
		ReleaseScriptingObjects (0ms)
		CreateAndSetChildDomain (24ms)
	RebuildCommonClasses (62ms)
	RebuildNativeTypeToScriptingClass (11ms)
	initialDomainReloadingComplete (96ms)
	LoadAllAssembliesAndSetupDomain (1119ms)
		LoadAssemblies (741ms)
		RebuildTransferFunctionScriptingTraits (0ms)
		AnalyzeDomain (510ms)
			TypeCache.Refresh (465ms)
				TypeCache.ScanAssembly (443ms)
			ScanForSourceGeneratedMonoScriptInfo (33ms)
			ResolveRequiredComponents (12ms)
	FinalizeReload (1226ms)
		ReleaseScriptCaches (0ms)
		RebuildScriptCaches (0ms)
		SetupLoadedEditorAssemblies (1019ms)
			LogAssemblyErrors (0ms)
			InitializePlatformSupportModulesInManaged (6ms)
			SetLoadedEditorAssemblies (4ms)
			RefreshPlugins (0ms)
			BeforeProcessingInitializeOnLoad (80ms)
			ProcessInitializeOnLoadAttributes (726ms)
			ProcessInitializeOnLoadMethodAttributes (197ms)
			AfterProcessingInitializeOnLoad (6ms)
			EditorAssembliesLoaded (0ms)
		ExecutionOrderSort2 (0ms)
		AwakeInstancesAfterBackupRestoration (9ms)
Launched and connected shader compiler UnityShaderCompiler.exe after 0.10 seconds
Refreshing native plugins compatible for Editor in 41.95 ms, found 2 plugins.
Preloading 0 native plugins for Editor in 0.00 ms.
Unloading 4550 Unused Serialized files (Serialized files now loaded: 0)
Unloading 123 unused Assets / (375.5 KB). Loaded Objects now: 4966.
Memory consumption went from 193.9 MB to 193.5 MB.
Total: 31.788600 ms (FindLiveObjects: 0.729900 ms CreateObjectMapping: 0.554500 ms MarkObjects: 30.209700 ms  DeleteObjects: 0.291600 ms)

AssetImportParameters requested are different than current active one (requested -> active):
  custom:container-demuxer-ogg: 62fdf1f143b41e24485cea50d1cbac27 -> 
  custom:video-decoder-ogg-theora: a1e56fd34408186e4bbccfd4996cb3dc -> 
  custom:framework-win-MediaFoundation: 216162199b28c13a410421893ffa2e32 -> 
  custom:CustomObjectIndexerAttribute: a3ef5dd2817f97addfee359851a9dba5 -> 
  custom:container-demuxer-webm: 4f35f7cbe854078d1ac9338744f61a02 -> 
  custom:container-muxer-webm: aa71ff27fc2769a1b78a27578f13a17b -> 
  custom:video-decoder-webm-vp8: 9c59270c3fd7afecdb556c50c9e8de78 -> 
  custom:AudioImporter_EditorPlatform: d09bf68614088b80899f8185d706f6e7 -> 
  custom:video-encoder-webm-vp8: eb34c28f22e8b96e1ab97ce403110664 -> 
  custom:audio-decoder-ogg-vorbis: bf7c407c2cedff20999df2af8eb42d56 -> 
  custom:audio-encoder-webm-vorbis: bf7c407c2cedff20999df2af8eb42d56 -> 
========================================================================
Received Import Request.
  Time since last request: 507354.665800 seconds.
  path: Assets/Sprites/Machinery/ConnectionKoLight.png
  artifactKey: Guid(b976ec0a58f429e4bbc9c15d1b4124cd) Importer(2089858483,0ecaa5967403d082aa24f35e1b516d23)
Start importing Assets/Sprites/Machinery/ConnectionKoLight.png using Guid(b976ec0a58f429e4bbc9c15d1b4124cd) Importer(2089858483,0ecaa5967403d082aa24f35e1b516d23) Generated GUIDs only implemented for interfaces!
 -> (artifact id: '7d05e0d1f92acdae37c106d58fefcac7') in 0.383639 seconds
Number of updated asset objects reloaded before import = 0
Number of asset objects unloaded after import = 3
========================================================================
Received Import Request.
  Time since last request: 0.000039 seconds.
  path: Assets/Sprites/Machinery/GreenFrame.png
  artifactKey: Guid(adfd9d8664db5b64bbc2313f403dd134) Importer(2089858483,0ecaa5967403d082aa24f35e1b516d23)
Start importing Assets/Sprites/Machinery/GreenFrame.png using Guid(adfd9d8664db5b64bbc2313f403dd134) Importer(2089858483,0ecaa5967403d082aa24f35e1b516d23) Generated GUIDs only implemented for interfaces!
 -> (artifact id: 'df9372178a10f629415593ad98424e24') in 0.026400 seconds
Number of updated asset objects reloaded before import = 0
Number of asset objects unloaded after import = 3
========================================================================
Received Import Request.
  Time since last request: 0.000024 seconds.
  path: Assets/Prefabs/TextBlock.prefab
  artifactKey: Guid(8aaa962a0ce792e4e902e20a2f75cc91) Importer(2089858483,0ecaa5967403d082aa24f35e1b516d23)
Start importing Assets/Prefabs/TextBlock.prefab using Guid(8aaa962a0ce792e4e902e20a2f75cc91) Importer(2089858483,0ecaa5967403d082aa24f35e1b516d23) Generated GUIDs only implemented for interfaces!
 -> (artifact id: '6fcf5a57195996708004e87b66d8392a') in 0.109004 seconds
Number of updated asset objects reloaded before import = 0
Number of asset objects unloaded after import = 15
========================================================================
Received Import Request.
  Time since last request: 0.000024 seconds.
  path: Assets/Animations/NoiseIndicator/Noise6.anim
  artifactKey: Guid(d7dbebcff3257e24db1155bea479265f) Importer(2089858483,0ecaa5967403d082aa24f35e1b516d23)
Start importing Assets/Animations/NoiseIndicator/Noise6.anim using Guid(d7dbebcff3257e24db1155bea479265f) Importer(2089858483,0ecaa5967403d082aa24f35e1b516d23) Generated GUIDs only implemented for interfaces!
 -> (artifact id: '60eb54a5f8594fd3444c8dbbd6065a86') in 0.017852 seconds
Number of updated asset objects reloaded before import = 0
Number of asset objects unloaded after import = 1
========================================================================
Received Import Request.
  Time since last request: 0.000015 seconds.
  path: Assets/Sprites/Old/ConnectionKoLed.png
  artifactKey: Guid(9985a9b1a076d8f4e93901e5b817e1ac) Importer(2089858483,0ecaa5967403d082aa24f35e1b516d23)
Start importing Assets/Sprites/Old/ConnectionKoLed.png using Guid(9985a9b1a076d8f4e93901e5b817e1ac) Importer(2089858483,0ecaa5967403d082aa24f35e1b516d23) Generated GUIDs only implemented for interfaces!
 -> (artifact id: '07b05787d4981f8a8c2e473eb75b7f1c') in 0.033897 seconds
Number of updated asset objects reloaded before import = 0
Number of asset objects unloaded after import = 3
Editor requested this worker to shutdown with reason: Scaling down because of idle timeout
TcpMessagingSession - receive error: operation aborted. errorcode: 995, details: Operazione di I/O terminata a causa dell'uscita dal thread oppure della richiesta di un'applicazione.
AssetImportWorker is now disconnected from the server
Process exiting
Exiting without the bug reporter. Application will terminate with return code 0