
=== Sun Apr 21 17:32:32 2024

Packages were changed.
Update Mode: updateDependencies

The following packages were added:
  com.unity.ide.visualstudio@2.0.18
  com.unity.ai.navigation@1.1.4
The following packages were updated:
  com.unity.ads from version 3.7.5 to 4.4.2
  com.unity.analytics from version 3.6.11 to 3.8.1
  com.unity.collab-proxy from version 1.12.5 to 2.0.5
  com.unity.ide.rider from version 1.2.1 to 3.0.24
  com.unity.ide.vscode from version 1.2.4 to 1.2.5
  com.unity.purchasing from version 4.0.3 to 4.9.3
  com.unity.render-pipelines.universal from version 7.3.1 to 14.0.8
  com.unity.test-framework from version 1.1.29 to 1.1.33
  com.unity.textmeshpro from version 2.1.4 to 3.0.6
  com.unity.timeline from version 1.2.18 to 1.7.4

=== Fri Sep 20 17:11:23 2024

Packages were changed.
Update Mode: updateDependencies

The following packages were updated:
  com.unity.ai.navigation from version 1.1.4 to 1.1.5
  com.unity.collab-proxy from version 2.0.5 to 2.3.1
  com.unity.ide.rider from version 3.0.24 to 3.0.28
  com.unity.ide.visualstudio from version 2.0.18 to 2.0.22
  com.unity.purchasing from version 4.9.3 to 4.11.0
  com.unity.render-pipelines.universal from version 14.0.8 to 14.0.11
  com.unity.timeline from version 1.7.4 to 1.7.6
